#-----------------------------------------------------------
# Webtalk v2018.2 (64-bit)
# SW Build 2258646 on Thu Jun 14 20:03:12 MDT 2018
# 
# Start of session at: Sat Jun  6 00:53:47 2020
# Process ID: 20864
# Current directory: D:/Projects/Code/ECE544_Proj_Final/code/ece544_proj_final/ece544_proj_final.sdk/webtalk
# Command line: wbtcv.exe -mode batch -source sdk_webtalk.tcl
# Log file: D:/Projects/Code/ECE544_Proj_Final/code/ece544_proj_final/ece544_proj_final.sdk/webtalk/webtalk.log
# Journal file: D:/Projects/Code/ECE544_Proj_Final/code/ece544_proj_final/ece544_proj_final.sdk/webtalk\webtalk.jou
#-----------------------------------------------------------
source sdk_webtalk.tcl
# webtalk_init -webtalk_dir D:\\Projects\\Code\\ECE544_Proj_Final\\code\\ece544_proj_final\\ece544_proj_final.sdk\\webtalk
# webtalk_register_client -client project
# webtalk_add_data -client project -key date_generated -value "2020-06-06 00:53:45" -context "software_version_and_target_device"
# webtalk_add_data -client project -key product_version -value "SDK v2018.2" -context "software_version_and_target_device"
# webtalk_add_data -client project -key build_version -value "2018.2" -context "software_version_and_target_device"
# webtalk_add_data -client project -key os_platform -value "amd64" -context "software_version_and_target_device"
# webtalk_add_data -client project -key registration_id -value "" -context "software_version_and_target_device"
# webtalk_add_data -client project -key tool_flow -value "SDK" -context "software_version_and_target_device"
# webtalk_add_data -client project -key beta -value "false" -context "software_version_and_target_device"
# webtalk_add_data -client project -key route_design -value "NA" -context "software_version_and_target_device"
# webtalk_add_data -client project -key target_family -value "NA" -context "software_version_and_target_device"
# webtalk_add_data -client project -key target_device -value "NA" -context "software_version_and_target_device"
# webtalk_add_data -client project -key target_package -value "NA" -context "software_version_and_target_device"
# webtalk_add_data -client project -key target_speed -value "NA" -context "software_version_and_target_device"
# webtalk_add_data -client project -key random_id -value "nl79ujp4k3dtbur384onpbhp0f" -context "software_version_and_target_device"
# webtalk_add_data -client project -key project_id -value "2018.2_35" -context "software_version_and_target_device"
# webtalk_add_data -client project -key project_iteration -value "35" -context "software_version_and_target_device"
# webtalk_add_data -client project -key os_name -value "Microsoft Windows 8 or later , 64-bit" -context "user_environment"
# webtalk_add_data -client project -key os_release -value "major release  (build 9200)" -context "user_environment"
# webtalk_add_data -client project -key cpu_name -value "AMD Ryzen Threadripper 1950X 16-Core Processor " -context "user_environment"
# webtalk_add_data -client project -key cpu_speed -value "3750 MHz" -context "user_environment"
# webtalk_add_data -client project -key total_processors -value "1" -context "user_environment"
# webtalk_add_data -client project -key system_ram -value "17.047 GB" -context "user_environment"
# webtalk_register_client -client sdk
# webtalk_add_data -client sdk -key uid -value "1591393486355" -context "sdk\\\\hardware/1591393486355"
# webtalk_add_data -client sdk -key isZynq -value "false" -context "sdk\\\\hardware/1591393486355"
# webtalk_add_data -client sdk -key isZynqMP -value "false" -context "sdk\\\\hardware/1591393486355"
# webtalk_add_data -client sdk -key Processors -value "1" -context "sdk\\\\hardware/1591393486355"
# webtalk_add_data -client sdk -key VivadoVersion -value "2018.2" -context "sdk\\\\hardware/1591393486355"
# webtalk_add_data -client sdk -key Arch -value "artix7" -context "sdk\\\\hardware/1591393486355"
# webtalk_add_data -client sdk -key Device -value "7a100t" -context "sdk\\\\hardware/1591393486355"
# webtalk_add_data -client sdk -key IsHandoff -value "true" -context "sdk\\\\hardware/1591393486355"
# webtalk_add_data -client sdk -key os -value "NA" -context "sdk\\\\hardware/1591393486355"
# webtalk_add_data -client sdk -key apptemplate -value "NA" -context "sdk\\\\hardware/1591393486355"
# webtalk_add_data -client sdk -key RecordType -value "HWCreation" -context "sdk\\\\hardware/1591393486355"
# webtalk_add_data -client sdk -key uid -value "1591393561524" -context "sdk\\\\bsp/1591393561524"
# webtalk_add_data -client sdk -key hwid -value "1591393486355" -context "sdk\\\\bsp/1591393561524"
# webtalk_add_data -client sdk -key os -value "freertos10_xilinx" -context "sdk\\\\bsp/1591393561524"
# webtalk_add_data -client sdk -key apptemplate -value "null" -context "sdk\\\\bsp/1591393561524"
# webtalk_add_data -client sdk -key RecordType -value "BSPCreation" -context "sdk\\\\bsp/1591393561524"
# webtalk_add_data -client sdk -key uid -value "1591393730187" -context "sdk\\\\application/1591393730187"
# webtalk_add_data -client sdk -key hwid -value "1591393486355" -context "sdk\\\\application/1591393730187"
# webtalk_add_data -client sdk -key bspid -value "1591393561524" -context "sdk\\\\application/1591393730187"
# webtalk_add_data -client sdk -key newbsp -value "false" -context "sdk\\\\application/1591393730187"
# webtalk_add_data -client sdk -key os -value "freertos10_xilinx" -context "sdk\\\\application/1591393730187"
# webtalk_add_data -client sdk -key apptemplate -value "empty_application" -context "sdk\\\\application/1591393730187"
# webtalk_add_data -client sdk -key RecordType -value "APPCreation" -context "sdk\\\\application/1591393730187"
# webtalk_add_data -client sdk -key LangUsed -value "C" -context "sdk\\\\application/1591393730187"
# webtalk_add_data -client sdk -key Procused -value "microblaze" -context "sdk\\\\application/1591393730187"
# webtalk_add_data -client sdk -key projSize -value "215.24609375" -context "sdk\\\\application/1591393730187"
# webtalk_add_data -client sdk -key uid -value "NA" -context "sdk\\\\bsp/1591430025340"
# webtalk_add_data -client sdk -key RecordType -value "ToolUsage" -context "sdk\\\\bsp/1591430025340"
# webtalk_add_data -client sdk -key BootgenCount -value "0" -context "sdk\\\\bsp/1591430025340"
# webtalk_add_data -client sdk -key DebugCount -value "0" -context "sdk\\\\bsp/1591430025340"
# webtalk_add_data -client sdk -key PerfCount -value "0" -context "sdk\\\\bsp/1591430025340"
# webtalk_add_data -client sdk -key FlashCount -value "0" -context "sdk\\\\bsp/1591430025340"
# webtalk_add_data -client sdk -key CrossTriggCount -value "0" -context "sdk\\\\bsp/1591430025340"
# webtalk_add_data -client sdk -key QemuDebugCount -value "0" -context "sdk\\\\bsp/1591430025340"
# webtalk_transmit -clientid 2949449722 -regid "" -xml D:\\Projects\\Code\\ECE544_Proj_Final\\code\\ece544_proj_final\\ece544_proj_final.sdk\\webtalk\\usage_statistics_ext_sdk.xml -html D:\\Projects\\Code\\ECE544_Proj_Final\\code\\ece544_proj_final\\ece544_proj_final.sdk\\webtalk\\usage_statistics_ext_sdk.html -wdm D:\\Projects\\Code\\ECE544_Proj_Final\\code\\ece544_proj_final\\ece544_proj_final.sdk\\webtalk\\sdk_webtalk.wdm -intro "<H3>SDK Usage Report</H3><BR>"
# webtalk_terminate
INFO: [Common 17-206] Exiting Webtalk at Sat Jun  6 00:53:47 2020...
