14:44:41 INFO  : Registering command handlers for SDK TCF services
14:44:42 INFO  : Launching XSCT server: xsct.bat -interactive D:\Projects\Code\ECE544_Proj_Final\code\ece544_proj_final\ece544_proj_final.sdk\temp_xsdb_launch_script.tcl
14:44:44 INFO  : XSCT server has started successfully.
14:44:44 INFO  : Successfully done setting XSCT server connection channel  
14:44:44 INFO  : Successfully done setting SDK workspace  
14:44:44 INFO  : Processing command line option -hwspec D:/Projects/Code/ECE544_Proj_Final/code/ece544_proj_final/ece544_proj_final.sdk/nexysA7fpga.hdf.
14:54:13 INFO  : Connected to target on host '127.0.0.1' and port '3121'.
14:54:17 INFO  : 'targets -set -filter {jtag_cable_name =~ "Digilent Nexys A7 -100T 210292AD31E2A" && level==0} -index 0' command is executed.
14:54:20 INFO  : FPGA configured successfully with bitstream "D:/Projects/Code/ECE544_Proj_Final/code/ece544_proj_final/ece544_proj_final.sdk/nexysA7fpga_hw_platform_0/download.bit"
14:54:36 INFO  : 'targets -set -filter {jtag_cable_name =~ "Digilent Nexys A7 -100T 210292AD31E2A" && level==0} -index 0' command is executed.
14:54:36 INFO  : 'fpga -state' command is executed.
14:54:36 INFO  : Connected to target on host '127.0.0.1' and port '3121'.
14:54:36 INFO  : Jtag cable 'Digilent Nexys A7 -100T 210292AD31E2A' is selected.
14:54:36 INFO  : 'jtag frequency' command is executed.
14:54:36 INFO  : 'configparams mdm-detect-bscan-mask 2' command is executed.
14:54:36 INFO  : Context for processor 'microblaze_0' is selected.
14:54:36 INFO  : Processor reset is completed for 'microblaze_0'.
14:54:36 INFO  : Context for processor 'microblaze_0' is selected.
14:54:37 INFO  : The application 'D:/Projects/Code/ECE544_Proj_Final/code/ece544_proj_final/ece544_proj_final.sdk/ece544_proj_final_software/Debug/ece544_proj_final_software.elf' is downloaded to processor 'microblaze_0'.
14:54:37 INFO  : ----------------XSDB Script----------------
connect -url tcp:127.0.0.1:3121
configparams mdm-detect-bscan-mask 2
targets -set -nocase -filter {name =~ "microblaze*#0" && bscan=="USER2"  && jtag_cable_name =~ "Digilent Nexys A7 -100T 210292AD31E2A"} -index 0
rst -processor
targets -set -nocase -filter {name =~ "microblaze*#0" && bscan=="USER2"  && jtag_cable_name =~ "Digilent Nexys A7 -100T 210292AD31E2A"} -index 0
dow D:/Projects/Code/ECE544_Proj_Final/code/ece544_proj_final/ece544_proj_final.sdk/ece544_proj_final_software/Debug/ece544_proj_final_software.elf
----------------End of Script----------------

14:54:53 INFO  : Disconnected from the channel tcfchan#1.
23:52:12 INFO  : Registering command handlers for SDK TCF services
23:52:12 INFO  : Launching XSCT server: xsct.bat -interactive D:\Projects\Code\ECE544_Proj_Final\code\ece544_proj_final\ece544_proj_final.sdk\temp_xsdb_launch_script.tcl
23:52:16 INFO  : XSCT server has started successfully.
23:52:16 INFO  : Successfully done setting XSCT server connection channel  
23:52:19 INFO  : Successfully done setting SDK workspace  
23:52:19 INFO  : Processing command line option -hwspec D:/Projects/Code/ECE544_Proj_Final/code/ece544_proj_final/ece544_proj_final.sdk/nexysA7fpga.hdf.
23:52:19 INFO  : Checking for hwspec changes in the project nexysA7fpga_hw_platform_0.
23:52:23 INFO  : SDK has detected change in the last modified timestamps for source hardware specification file Source:1591512182668,  Project:1589944452000
23:52:23 INFO  : The hardware specification for project 'nexysA7fpga_hw_platform_0' is different from D:/Projects/Code/ECE544_Proj_Final/code/ece544_proj_final/ece544_proj_final.sdk/nexysA7fpga.hdf.
23:52:23 INFO  : Copied contents of D:/Projects/Code/ECE544_Proj_Final/code/ece544_proj_final/ece544_proj_final.sdk/nexysA7fpga.hdf into \nexysA7fpga_hw_platform_0\system.hdf.
23:52:24 INFO  : Synchronizing projects in the workspace with the hardware platform specification changes.
23:52:29 INFO  : 
23:52:31 INFO  : Updating hardware inferred compiler options for ece544_proj_final_software.
23:52:31 INFO  : Clearing existing target manager status.
23:52:31 INFO  : Workspace synchronized with the new hardware specification file. Cleaning dependent projects...
23:52:32 WARN  : Linker script will not be updated automatically. Users need to update it manually.
23:55:11 INFO  : Refreshed build settings on project ece544_proj_final_software
23:58:38 INFO  : Connected to target on host '127.0.0.1' and port '3121'.
23:58:42 INFO  : 'targets -set -filter {jtag_cable_name =~ "Digilent Nexys A7 -100T 210292AD31E2A" && level==0} -index 0' command is executed.
23:58:44 INFO  : FPGA configured successfully with bitstream "D:/Projects/Code/ECE544_Proj_Final/code/ece544_proj_final/ece544_proj_final.sdk/nexysA7fpga_hw_platform_0/download.bit"
23:59:16 INFO  : 'targets -set -filter {jtag_cable_name =~ "Digilent Nexys A7 -100T 210292AD31E2A" && level==0} -index 0' command is executed.
23:59:16 INFO  : 'fpga -state' command is executed.
23:59:16 INFO  : Connected to target on host '127.0.0.1' and port '3121'.
23:59:16 INFO  : Jtag cable 'Digilent Nexys A7 -100T 210292AD31E2A' is selected.
23:59:16 INFO  : 'jtag frequency' command is executed.
23:59:16 INFO  : 'configparams mdm-detect-bscan-mask 2' command is executed.
23:59:16 INFO  : Context for processor 'microblaze_0' is selected.
23:59:16 ERROR : Cannot stop MicroBlaze. MicroBlaze is held in reset
23:59:16 INFO  : ----------------XSDB Script----------------
connect -url tcp:127.0.0.1:3121
configparams mdm-detect-bscan-mask 2
targets -set -nocase -filter {name =~ "microblaze*#0" && bscan=="USER2"  && jtag_cable_name =~ "Digilent Nexys A7 -100T 210292AD31E2A"} -index 0
rst -processor
----------------End of Script----------------

23:59:28 INFO  : 'targets -set -filter {jtag_cable_name =~ "Digilent Nexys A7 -100T 210292AD31E2A" && level==0} -index 0' command is executed.
23:59:28 INFO  : 'fpga -state' command is executed.
23:59:28 INFO  : Connected to target on host '127.0.0.1' and port '3121'.
23:59:28 INFO  : Jtag cable 'Digilent Nexys A7 -100T 210292AD31E2A' is selected.
23:59:28 INFO  : 'jtag frequency' command is executed.
23:59:28 INFO  : 'configparams mdm-detect-bscan-mask 2' command is executed.
23:59:28 INFO  : Context for processor 'microblaze_0' is selected.
23:59:28 ERROR : Cannot stop MicroBlaze. MicroBlaze is held in reset
23:59:28 INFO  : ----------------XSDB Script----------------
connect -url tcp:127.0.0.1:3121
configparams mdm-detect-bscan-mask 2
targets -set -nocase -filter {name =~ "microblaze*#0" && bscan=="USER2"  && jtag_cable_name =~ "Digilent Nexys A7 -100T 210292AD31E2A"} -index 0
rst -processor
----------------End of Script----------------

00:00:27 INFO  : Connected to target on host '127.0.0.1' and port '3121'.
00:00:29 INFO  : 'targets -set -filter {jtag_cable_name =~ "Digilent Nexys A7 -100T 210292AD31E2A" && level==0} -index 0' command is executed.
00:00:32 INFO  : FPGA configured successfully with bitstream "D:/Projects/Code/ECE544_Proj_Final/code/ece544_proj_final/ece544_proj_final.sdk/nexysA7fpga_hw_platform_0/download.bit"
00:01:01 INFO  : 'targets -set -filter {jtag_cable_name =~ "Digilent Nexys A7 -100T 210292AD31E2A" && level==0} -index 0' command is executed.
00:01:01 INFO  : 'fpga -state' command is executed.
00:01:01 INFO  : Connected to target on host '127.0.0.1' and port '3121'.
00:01:01 INFO  : Jtag cable 'Digilent Nexys A7 -100T 210292AD31E2A' is selected.
00:01:01 INFO  : 'jtag frequency' command is executed.
00:01:01 INFO  : 'configparams mdm-detect-bscan-mask 2' command is executed.
00:01:01 INFO  : Context for processor 'microblaze_0' is selected.
00:01:01 ERROR : Cannot stop MicroBlaze. MicroBlaze is held in reset
00:01:01 INFO  : ----------------XSDB Script----------------
connect -url tcp:127.0.0.1:3121
configparams mdm-detect-bscan-mask 2
targets -set -nocase -filter {name =~ "microblaze*#0" && bscan=="USER2"  && jtag_cable_name =~ "Digilent Nexys A7 -100T 210292AD31E2A"} -index 0
rst -processor
----------------End of Script----------------

00:02:46 INFO  : Connected to target on host '127.0.0.1' and port '3121'.
00:02:46 INFO  : 'targets -set -filter {jtag_cable_name =~ "Digilent Nexys A7 -100T 210292AD31E2A" && level==0} -index 0' command is executed.
00:02:49 INFO  : FPGA configured successfully with bitstream "D:/Projects/Code/ECE544_Proj_Final/code/ece544_proj_final/ece544_proj_final.sdk/nexysA7fpga_hw_platform_0/download.bit"
00:04:13 INFO  : 'targets -set -filter {jtag_cable_name =~ "Digilent Nexys A7 -100T 210292AD31E2A" && level==0} -index 0' command is executed.
00:04:14 INFO  : 'fpga -state' command is executed.
00:04:14 INFO  : Connected to target on host '127.0.0.1' and port '3121'.
00:04:14 INFO  : Jtag cable 'Digilent Nexys A7 -100T 210292AD31E2A' is selected.
00:04:14 INFO  : 'jtag frequency' command is executed.
00:04:14 INFO  : 'configparams mdm-detect-bscan-mask 2' command is executed.
00:04:14 INFO  : Context for processor 'microblaze_0' is selected.
00:04:14 ERROR : Cannot stop MicroBlaze. MicroBlaze is held in reset
00:04:14 INFO  : ----------------XSDB Script----------------
connect -url tcp:127.0.0.1:3121
configparams mdm-detect-bscan-mask 2
targets -set -nocase -filter {name =~ "microblaze*#0" && bscan=="USER2"  && jtag_cable_name =~ "Digilent Nexys A7 -100T 210292AD31E2A"} -index 0
rst -processor
----------------End of Script----------------

00:36:34 INFO  : Registering command handlers for SDK TCF services
00:36:35 INFO  : Launching XSCT server: xsct.bat -interactive D:\Projects\Code\ECE544_Proj_Final\code\ece544_proj_final\ece544_proj_final.sdk\temp_xsdb_launch_script.tcl
00:36:38 INFO  : XSCT server has started successfully.
00:36:38 INFO  : Successfully done setting XSCT server connection channel  
00:36:41 INFO  : Successfully done setting SDK workspace  
00:36:41 INFO  : Processing command line option -hwspec D:/Projects/Code/ECE544_Proj_Final/code/ece544_proj_final/ece544_proj_final.sdk/nexysA7fpga.hdf.
00:37:29 INFO  : Connected to target on host '127.0.0.1' and port '3121'.
00:37:33 INFO  : 'targets -set -filter {jtag_cable_name =~ "Digilent Nexys A7 -100T 210292AD31E2A" && level==0} -index 0' command is executed.
00:37:35 INFO  : FPGA configured successfully with bitstream "D:/Projects/Code/ECE544_Proj_Final/code/ece544_proj_final/ece544_proj_final.sdk/nexysA7fpga_hw_platform_0/download.bit"
12:40:18 INFO  : Launching XSCT server: xsct.bat -interactive D:\Projects\Code\ECE544_Proj_Final\code\ece544_proj_final\ece544_proj_final.sdk\temp_xsdb_launch_script.tcl
12:40:21 INFO  : XSCT server has started successfully.
12:40:27 INFO  : Successfully done setting XSCT server connection channel  
12:40:27 INFO  : Successfully done setting SDK workspace  
12:40:28 INFO  : Registering command handlers for SDK TCF services
12:40:30 INFO  : Processing command line option -hwspec D:/Projects/Code/ECE544_Proj_Final/code/ece544_proj_final/ece544_proj_final.sdk/nexysA7fpga.hdf.
12:40:30 INFO  : Checking for hwspec changes in the project nexysA7fpga_hw_platform_0.
12:40:30 INFO  : SDK has detected change in the last modified timestamps for source hardware specification file Source:1591558648902,  Project:1591512182668
12:40:30 INFO  : The hardware specification for project 'nexysA7fpga_hw_platform_0' is different from D:/Projects/Code/ECE544_Proj_Final/code/ece544_proj_final/ece544_proj_final.sdk/nexysA7fpga.hdf.
12:40:30 INFO  : Copied contents of D:/Projects/Code/ECE544_Proj_Final/code/ece544_proj_final/ece544_proj_final.sdk/nexysA7fpga.hdf into \nexysA7fpga_hw_platform_0\system.hdf.
12:40:31 INFO  : Synchronizing projects in the workspace with the hardware platform specification changes.
12:40:31 INFO  : Clearing existing target manager status.
12:40:31 INFO  : Workspace synchronized with the new hardware specification file. Cleaning dependent projects...
12:40:31 WARN  : Linker script will not be updated automatically. Users need to update it manually.
12:42:27 INFO  : Connected to target on host '127.0.0.1' and port '3121'.
12:42:31 INFO  : 'targets -set -filter {jtag_cable_name =~ "Digilent Nexys A7 -100T 210292AD31E2A" && level==0} -index 0' command is executed.
12:42:34 INFO  : FPGA configured successfully with bitstream "D:/Projects/Code/ECE544_Proj_Final/code/ece544_proj_final/ece544_proj_final.sdk/nexysA7fpga_hw_platform_0/download.bit"
12:52:33 INFO  : 'targets -set -filter {jtag_cable_name =~ "Digilent Nexys A7 -100T 210292AD31E2A" && level==0} -index 0' command is executed.
12:52:33 INFO  : 'fpga -state' command is executed.
12:52:33 INFO  : Connected to target on host '127.0.0.1' and port '3121'.
12:52:33 INFO  : Jtag cable 'Digilent Nexys A7 -100T 210292AD31E2A' is selected.
12:52:33 INFO  : 'jtag frequency' command is executed.
12:52:33 INFO  : 'configparams mdm-detect-bscan-mask 2' command is executed.
12:52:33 INFO  : Context for processor 'microblaze_0' is selected.
12:52:33 INFO  : Processor reset is completed for 'microblaze_0'.
12:52:33 INFO  : Context for processor 'microblaze_0' is selected.
12:52:34 INFO  : The application 'D:/Projects/Code/ECE544_Proj_Final/code/ece544_proj_final/ece544_proj_final.sdk/ece544_proj_final_software/Debug/ece544_proj_final_software.elf' is downloaded to processor 'microblaze_0'.
12:52:34 INFO  : ----------------XSDB Script----------------
connect -url tcp:127.0.0.1:3121
configparams mdm-detect-bscan-mask 2
targets -set -nocase -filter {name =~ "microblaze*#0" && bscan=="USER2"  && jtag_cable_name =~ "Digilent Nexys A7 -100T 210292AD31E2A"} -index 0
rst -processor
targets -set -nocase -filter {name =~ "microblaze*#0" && bscan=="USER2"  && jtag_cable_name =~ "Digilent Nexys A7 -100T 210292AD31E2A"} -index 0
dow D:/Projects/Code/ECE544_Proj_Final/code/ece544_proj_final/ece544_proj_final.sdk/ece544_proj_final_software/Debug/ece544_proj_final_software.elf
----------------End of Script----------------

12:52:40 INFO  : Disconnected from the channel tcfchan#1.
12:53:01 INFO  : 'targets -set -filter {jtag_cable_name =~ "Digilent Nexys A7 -100T 210292AD31E2A" && level==0} -index 0' command is executed.
12:53:01 INFO  : 'fpga -state' command is executed.
12:53:01 INFO  : Connected to target on host '127.0.0.1' and port '3121'.
12:53:01 INFO  : Jtag cable 'Digilent Nexys A7 -100T 210292AD31E2A' is selected.
12:53:01 INFO  : 'jtag frequency' command is executed.
12:53:01 INFO  : 'configparams mdm-detect-bscan-mask 2' command is executed.
12:53:03 INFO  : Context for processor 'microblaze_0' is selected.
12:53:03 INFO  : Processor reset is completed for 'microblaze_0'.
12:53:04 INFO  : Context for processor 'microblaze_0' is selected.
12:53:05 INFO  : The application 'D:/Projects/Code/ECE544_Proj_Final/code/ece544_proj_final/ece544_proj_final.sdk/ece544_proj_final_software/Debug/ece544_proj_final_software.elf' is downloaded to processor 'microblaze_0'.
12:53:05 INFO  : ----------------XSDB Script----------------
connect -url tcp:127.0.0.1:3121
configparams mdm-detect-bscan-mask 2
targets -set -nocase -filter {name =~ "microblaze*#0" && bscan=="USER2"  && jtag_cable_name =~ "Digilent Nexys A7 -100T 210292AD31E2A"} -index 0
rst -processor
targets -set -nocase -filter {name =~ "microblaze*#0" && bscan=="USER2"  && jtag_cable_name =~ "Digilent Nexys A7 -100T 210292AD31E2A"} -index 0
dow D:/Projects/Code/ECE544_Proj_Final/code/ece544_proj_final/ece544_proj_final.sdk/ece544_proj_final_software/Debug/ece544_proj_final_software.elf
----------------End of Script----------------

12:53:17 INFO  : Disconnected from the channel tcfchan#2.
12:53:25 INFO  : 'targets -set -filter {jtag_cable_name =~ "Digilent Nexys A7 -100T 210292AD31E2A" && level==0} -index 0' command is executed.
12:53:25 INFO  : 'fpga -state' command is executed.
12:53:25 INFO  : Connected to target on host '127.0.0.1' and port '3121'.
12:53:25 INFO  : Jtag cable 'Digilent Nexys A7 -100T 210292AD31E2A' is selected.
12:53:25 INFO  : 'jtag frequency' command is executed.
12:53:25 INFO  : 'configparams mdm-detect-bscan-mask 2' command is executed.
12:53:25 INFO  : Context for processor 'microblaze_0' is selected.
12:53:25 INFO  : Processor reset is completed for 'microblaze_0'.
12:53:25 INFO  : Context for processor 'microblaze_0' is selected.
12:53:26 INFO  : The application 'D:/Projects/Code/ECE544_Proj_Final/code/ece544_proj_final/ece544_proj_final.sdk/ece544_proj_final_software/Debug/ece544_proj_final_software.elf' is downloaded to processor 'microblaze_0'.
12:53:26 INFO  : ----------------XSDB Script----------------
connect -url tcp:127.0.0.1:3121
configparams mdm-detect-bscan-mask 2
targets -set -nocase -filter {name =~ "microblaze*#0" && bscan=="USER2"  && jtag_cable_name =~ "Digilent Nexys A7 -100T 210292AD31E2A"} -index 0
rst -processor
targets -set -nocase -filter {name =~ "microblaze*#0" && bscan=="USER2"  && jtag_cable_name =~ "Digilent Nexys A7 -100T 210292AD31E2A"} -index 0
dow D:/Projects/Code/ECE544_Proj_Final/code/ece544_proj_final/ece544_proj_final.sdk/ece544_proj_final_software/Debug/ece544_proj_final_software.elf
----------------End of Script----------------

15:24:04 INFO  : Disconnected from the channel tcfchan#3.
15:39:39 INFO  : 'targets -set -filter {jtag_cable_name =~ "Digilent Nexys A7 -100T 210292AD31E2A" && level==0} -index 0' command is executed.
15:39:39 INFO  : 'fpga -state' command is executed.
15:39:39 INFO  : Connected to target on host '127.0.0.1' and port '3121'.
15:39:40 INFO  : Jtag cable 'Digilent Nexys A7 -100T 210292AD31E2A' is selected.
15:39:40 INFO  : 'jtag frequency' command is executed.
15:39:40 INFO  : 'configparams mdm-detect-bscan-mask 2' command is executed.
15:39:40 INFO  : Context for processor 'microblaze_0' is selected.
15:39:40 INFO  : Processor reset is completed for 'microblaze_0'.
15:39:40 INFO  : Context for processor 'microblaze_0' is selected.
15:39:40 INFO  : The application 'D:/Projects/Code/ECE544_Proj_Final/code/ece544_proj_final/ece544_proj_final.sdk/ece544_proj_final_software/Debug/ece544_proj_final_software.elf' is downloaded to processor 'microblaze_0'.
15:39:40 INFO  : ----------------XSDB Script----------------
connect -url tcp:127.0.0.1:3121
configparams mdm-detect-bscan-mask 2
targets -set -nocase -filter {name =~ "microblaze*#0" && bscan=="USER2"  && jtag_cable_name =~ "Digilent Nexys A7 -100T 210292AD31E2A"} -index 0
rst -processor
targets -set -nocase -filter {name =~ "microblaze*#0" && bscan=="USER2"  && jtag_cable_name =~ "Digilent Nexys A7 -100T 210292AD31E2A"} -index 0
dow D:/Projects/Code/ECE544_Proj_Final/code/ece544_proj_final/ece544_proj_final.sdk/ece544_proj_final_software/Debug/ece544_proj_final_software.elf
----------------End of Script----------------

15:43:25 INFO  : Disconnected from the channel tcfchan#4.
15:55:36 INFO  : 'targets -set -filter {jtag_cable_name =~ "Digilent Nexys A7 -100T 210292AD31E2A" && level==0} -index 0' command is executed.
15:55:36 INFO  : 'fpga -state' command is executed.
15:55:36 INFO  : Connected to target on host '127.0.0.1' and port '3121'.
15:55:37 INFO  : Jtag cable 'Digilent Nexys A7 -100T 210292AD31E2A' is selected.
15:55:37 INFO  : 'jtag frequency' command is executed.
15:55:37 INFO  : 'configparams mdm-detect-bscan-mask 2' command is executed.
15:55:37 INFO  : Context for processor 'microblaze_0' is selected.
15:55:37 INFO  : Processor reset is completed for 'microblaze_0'.
15:55:37 INFO  : Context for processor 'microblaze_0' is selected.
15:55:37 INFO  : The application 'D:/Projects/Code/ECE544_Proj_Final/code/ece544_proj_final/ece544_proj_final.sdk/ece544_proj_final_software/Debug/ece544_proj_final_software.elf' is downloaded to processor 'microblaze_0'.
15:55:37 INFO  : ----------------XSDB Script----------------
connect -url tcp:127.0.0.1:3121
configparams mdm-detect-bscan-mask 2
targets -set -nocase -filter {name =~ "microblaze*#0" && bscan=="USER2"  && jtag_cable_name =~ "Digilent Nexys A7 -100T 210292AD31E2A"} -index 0
rst -processor
targets -set -nocase -filter {name =~ "microblaze*#0" && bscan=="USER2"  && jtag_cable_name =~ "Digilent Nexys A7 -100T 210292AD31E2A"} -index 0
dow D:/Projects/Code/ECE544_Proj_Final/code/ece544_proj_final/ece544_proj_final.sdk/ece544_proj_final_software/Debug/ece544_proj_final_software.elf
----------------End of Script----------------

15:58:09 INFO  : Disconnected from the channel tcfchan#5.
16:05:09 INFO  : 'targets -set -filter {jtag_cable_name =~ "Digilent Nexys A7 -100T 210292AD31E2A" && level==0} -index 0' command is executed.
16:05:09 INFO  : 'fpga -state' command is executed.
16:05:09 INFO  : Connected to target on host '127.0.0.1' and port '3121'.
16:05:10 INFO  : Jtag cable 'Digilent Nexys A7 -100T 210292AD31E2A' is selected.
16:05:10 INFO  : 'jtag frequency' command is executed.
16:05:10 INFO  : 'configparams mdm-detect-bscan-mask 2' command is executed.
16:05:10 INFO  : Context for processor 'microblaze_0' is selected.
16:05:10 INFO  : Processor reset is completed for 'microblaze_0'.
16:05:10 INFO  : Context for processor 'microblaze_0' is selected.
16:05:10 INFO  : The application 'D:/Projects/Code/ECE544_Proj_Final/code/ece544_proj_final/ece544_proj_final.sdk/ece544_proj_final_software/Debug/ece544_proj_final_software.elf' is downloaded to processor 'microblaze_0'.
16:05:10 INFO  : ----------------XSDB Script----------------
connect -url tcp:127.0.0.1:3121
configparams mdm-detect-bscan-mask 2
targets -set -nocase -filter {name =~ "microblaze*#0" && bscan=="USER2"  && jtag_cable_name =~ "Digilent Nexys A7 -100T 210292AD31E2A"} -index 0
rst -processor
targets -set -nocase -filter {name =~ "microblaze*#0" && bscan=="USER2"  && jtag_cable_name =~ "Digilent Nexys A7 -100T 210292AD31E2A"} -index 0
dow D:/Projects/Code/ECE544_Proj_Final/code/ece544_proj_final/ece544_proj_final.sdk/ece544_proj_final_software/Debug/ece544_proj_final_software.elf
----------------End of Script----------------

16:07:41 INFO  : Disconnected from the channel tcfchan#6.
16:08:25 INFO  : 'targets -set -filter {jtag_cable_name =~ "Digilent Nexys A7 -100T 210292AD31E2A" && level==0} -index 0' command is executed.
16:08:25 INFO  : 'fpga -state' command is executed.
16:08:25 INFO  : Connected to target on host '127.0.0.1' and port '3121'.
16:08:25 INFO  : Jtag cable 'Digilent Nexys A7 -100T 210292AD31E2A' is selected.
16:08:25 INFO  : 'jtag frequency' command is executed.
16:08:25 INFO  : 'configparams mdm-detect-bscan-mask 2' command is executed.
16:08:25 INFO  : Context for processor 'microblaze_0' is selected.
16:08:25 INFO  : Processor reset is completed for 'microblaze_0'.
16:08:25 INFO  : Context for processor 'microblaze_0' is selected.
16:08:26 INFO  : The application 'D:/Projects/Code/ECE544_Proj_Final/code/ece544_proj_final/ece544_proj_final.sdk/ece544_proj_final_software/Debug/ece544_proj_final_software.elf' is downloaded to processor 'microblaze_0'.
16:08:26 INFO  : ----------------XSDB Script----------------
connect -url tcp:127.0.0.1:3121
configparams mdm-detect-bscan-mask 2
targets -set -nocase -filter {name =~ "microblaze*#0" && bscan=="USER2"  && jtag_cable_name =~ "Digilent Nexys A7 -100T 210292AD31E2A"} -index 0
rst -processor
targets -set -nocase -filter {name =~ "microblaze*#0" && bscan=="USER2"  && jtag_cable_name =~ "Digilent Nexys A7 -100T 210292AD31E2A"} -index 0
dow D:/Projects/Code/ECE544_Proj_Final/code/ece544_proj_final/ece544_proj_final.sdk/ece544_proj_final_software/Debug/ece544_proj_final_software.elf
----------------End of Script----------------

16:46:20 INFO  : Disconnected from the channel tcfchan#7.
16:47:59 INFO  : 'targets -set -filter {jtag_cable_name =~ "Digilent Nexys A7 -100T 210292AD31E2A" && level==0} -index 0' command is executed.
16:47:59 INFO  : 'fpga -state' command is executed.
16:47:59 INFO  : Connected to target on host '127.0.0.1' and port '3121'.
16:48:00 INFO  : Jtag cable 'Digilent Nexys A7 -100T 210292AD31E2A' is selected.
16:48:00 INFO  : 'jtag frequency' command is executed.
16:48:00 INFO  : 'configparams mdm-detect-bscan-mask 2' command is executed.
16:48:00 INFO  : Context for processor 'microblaze_0' is selected.
16:48:00 INFO  : Processor reset is completed for 'microblaze_0'.
16:48:00 INFO  : Context for processor 'microblaze_0' is selected.
16:48:00 INFO  : The application 'D:/Projects/Code/ECE544_Proj_Final/code/ece544_proj_final/ece544_proj_final.sdk/ece544_proj_final_software/Debug/ece544_proj_final_software.elf' is downloaded to processor 'microblaze_0'.
16:48:00 INFO  : ----------------XSDB Script----------------
connect -url tcp:127.0.0.1:3121
configparams mdm-detect-bscan-mask 2
targets -set -nocase -filter {name =~ "microblaze*#0" && bscan=="USER2"  && jtag_cable_name =~ "Digilent Nexys A7 -100T 210292AD31E2A"} -index 0
rst -processor
targets -set -nocase -filter {name =~ "microblaze*#0" && bscan=="USER2"  && jtag_cable_name =~ "Digilent Nexys A7 -100T 210292AD31E2A"} -index 0
dow D:/Projects/Code/ECE544_Proj_Final/code/ece544_proj_final/ece544_proj_final.sdk/ece544_proj_final_software/Debug/ece544_proj_final_software.elf
----------------End of Script----------------

16:49:19 INFO  : Disconnected from the channel tcfchan#8.
16:49:47 INFO  : 'targets -set -filter {jtag_cable_name =~ "Digilent Nexys A7 -100T 210292AD31E2A" && level==0} -index 0' command is executed.
16:49:47 INFO  : 'fpga -state' command is executed.
16:49:47 INFO  : Connected to target on host '127.0.0.1' and port '3121'.
16:49:47 INFO  : Jtag cable 'Digilent Nexys A7 -100T 210292AD31E2A' is selected.
16:49:47 INFO  : 'jtag frequency' command is executed.
16:49:47 INFO  : 'configparams mdm-detect-bscan-mask 2' command is executed.
16:49:47 INFO  : Context for processor 'microblaze_0' is selected.
16:49:47 INFO  : Processor reset is completed for 'microblaze_0'.
16:49:47 INFO  : Context for processor 'microblaze_0' is selected.
16:49:48 INFO  : The application 'D:/Projects/Code/ECE544_Proj_Final/code/ece544_proj_final/ece544_proj_final.sdk/ece544_proj_final_software/Debug/ece544_proj_final_software.elf' is downloaded to processor 'microblaze_0'.
16:49:48 INFO  : ----------------XSDB Script----------------
connect -url tcp:127.0.0.1:3121
configparams mdm-detect-bscan-mask 2
targets -set -nocase -filter {name =~ "microblaze*#0" && bscan=="USER2"  && jtag_cable_name =~ "Digilent Nexys A7 -100T 210292AD31E2A"} -index 0
rst -processor
targets -set -nocase -filter {name =~ "microblaze*#0" && bscan=="USER2"  && jtag_cable_name =~ "Digilent Nexys A7 -100T 210292AD31E2A"} -index 0
dow D:/Projects/Code/ECE544_Proj_Final/code/ece544_proj_final/ece544_proj_final.sdk/ece544_proj_final_software/Debug/ece544_proj_final_software.elf
----------------End of Script----------------

16:59:52 INFO  : Disconnected from the channel tcfchan#9.
17:00:06 INFO  : 'targets -set -filter {jtag_cable_name =~ "Digilent Nexys A7 -100T 210292AD31E2A" && level==0} -index 0' command is executed.
17:00:06 INFO  : 'fpga -state' command is executed.
17:00:06 INFO  : Connected to target on host '127.0.0.1' and port '3121'.
17:00:06 INFO  : Jtag cable 'Digilent Nexys A7 -100T 210292AD31E2A' is selected.
17:00:06 INFO  : 'jtag frequency' command is executed.
17:00:06 INFO  : 'configparams mdm-detect-bscan-mask 2' command is executed.
17:00:07 INFO  : Context for processor 'microblaze_0' is selected.
17:00:07 INFO  : Processor reset is completed for 'microblaze_0'.
17:00:07 INFO  : Context for processor 'microblaze_0' is selected.
17:00:07 INFO  : The application 'D:/Projects/Code/ECE544_Proj_Final/code/ece544_proj_final/ece544_proj_final.sdk/ece544_proj_final_software/Debug/ece544_proj_final_software.elf' is downloaded to processor 'microblaze_0'.
17:00:07 INFO  : ----------------XSDB Script----------------
connect -url tcp:127.0.0.1:3121
configparams mdm-detect-bscan-mask 2
targets -set -nocase -filter {name =~ "microblaze*#0" && bscan=="USER2"  && jtag_cable_name =~ "Digilent Nexys A7 -100T 210292AD31E2A"} -index 0
rst -processor
targets -set -nocase -filter {name =~ "microblaze*#0" && bscan=="USER2"  && jtag_cable_name =~ "Digilent Nexys A7 -100T 210292AD31E2A"} -index 0
dow D:/Projects/Code/ECE544_Proj_Final/code/ece544_proj_final/ece544_proj_final.sdk/ece544_proj_final_software/Debug/ece544_proj_final_software.elf
----------------End of Script----------------

17:06:37 INFO  : Disconnected from the channel tcfchan#10.
17:06:54 INFO  : 'targets -set -filter {jtag_cable_name =~ "Digilent Nexys A7 -100T 210292AD31E2A" && level==0} -index 0' command is executed.
17:06:54 INFO  : 'fpga -state' command is executed.
17:06:54 INFO  : Connected to target on host '127.0.0.1' and port '3121'.
17:06:55 INFO  : Jtag cable 'Digilent Nexys A7 -100T 210292AD31E2A' is selected.
17:06:55 INFO  : 'jtag frequency' command is executed.
17:06:55 INFO  : 'configparams mdm-detect-bscan-mask 2' command is executed.
17:06:55 INFO  : Context for processor 'microblaze_0' is selected.
17:06:55 INFO  : Processor reset is completed for 'microblaze_0'.
17:06:55 INFO  : Context for processor 'microblaze_0' is selected.
17:06:55 INFO  : The application 'D:/Projects/Code/ECE544_Proj_Final/code/ece544_proj_final/ece544_proj_final.sdk/ece544_proj_final_software/Debug/ece544_proj_final_software.elf' is downloaded to processor 'microblaze_0'.
17:06:55 INFO  : ----------------XSDB Script----------------
connect -url tcp:127.0.0.1:3121
configparams mdm-detect-bscan-mask 2
targets -set -nocase -filter {name =~ "microblaze*#0" && bscan=="USER2"  && jtag_cable_name =~ "Digilent Nexys A7 -100T 210292AD31E2A"} -index 0
rst -processor
targets -set -nocase -filter {name =~ "microblaze*#0" && bscan=="USER2"  && jtag_cable_name =~ "Digilent Nexys A7 -100T 210292AD31E2A"} -index 0
dow D:/Projects/Code/ECE544_Proj_Final/code/ece544_proj_final/ece544_proj_final.sdk/ece544_proj_final_software/Debug/ece544_proj_final_software.elf
----------------End of Script----------------

17:07:36 INFO  : Disconnected from the channel tcfchan#11.
17:10:35 INFO  : 'targets -set -filter {jtag_cable_name =~ "Digilent Nexys A7 -100T 210292AD31E2A" && level==0} -index 0' command is executed.
17:10:35 INFO  : 'fpga -state' command is executed.
17:10:35 INFO  : Connected to target on host '127.0.0.1' and port '3121'.
17:10:36 INFO  : Jtag cable 'Digilent Nexys A7 -100T 210292AD31E2A' is selected.
17:10:36 INFO  : 'jtag frequency' command is executed.
17:10:36 INFO  : 'configparams mdm-detect-bscan-mask 2' command is executed.
17:10:36 INFO  : Context for processor 'microblaze_0' is selected.
17:10:36 INFO  : Processor reset is completed for 'microblaze_0'.
17:10:36 INFO  : Context for processor 'microblaze_0' is selected.
17:10:36 INFO  : The application 'D:/Projects/Code/ECE544_Proj_Final/code/ece544_proj_final/ece544_proj_final.sdk/ece544_proj_final_software/Debug/ece544_proj_final_software.elf' is downloaded to processor 'microblaze_0'.
17:10:36 INFO  : ----------------XSDB Script----------------
connect -url tcp:127.0.0.1:3121
configparams mdm-detect-bscan-mask 2
targets -set -nocase -filter {name =~ "microblaze*#0" && bscan=="USER2"  && jtag_cable_name =~ "Digilent Nexys A7 -100T 210292AD31E2A"} -index 0
rst -processor
targets -set -nocase -filter {name =~ "microblaze*#0" && bscan=="USER2"  && jtag_cable_name =~ "Digilent Nexys A7 -100T 210292AD31E2A"} -index 0
dow D:/Projects/Code/ECE544_Proj_Final/code/ece544_proj_final/ece544_proj_final.sdk/ece544_proj_final_software/Debug/ece544_proj_final_software.elf
----------------End of Script----------------

17:14:07 INFO  : Disconnected from the channel tcfchan#12.
17:14:14 INFO  : 'targets -set -filter {jtag_cable_name =~ "Digilent Nexys A7 -100T 210292AD31E2A" && level==0} -index 0' command is executed.
17:14:14 INFO  : 'fpga -state' command is executed.
17:14:15 INFO  : Connected to target on host '127.0.0.1' and port '3121'.
17:14:15 INFO  : Jtag cable 'Digilent Nexys A7 -100T 210292AD31E2A' is selected.
17:14:15 INFO  : 'jtag frequency' command is executed.
17:14:15 INFO  : 'configparams mdm-detect-bscan-mask 2' command is executed.
17:14:15 INFO  : Context for processor 'microblaze_0' is selected.
17:14:15 INFO  : Processor reset is completed for 'microblaze_0'.
17:14:15 INFO  : Context for processor 'microblaze_0' is selected.
17:14:15 INFO  : The application 'D:/Projects/Code/ECE544_Proj_Final/code/ece544_proj_final/ece544_proj_final.sdk/ece544_proj_final_software/Debug/ece544_proj_final_software.elf' is downloaded to processor 'microblaze_0'.
17:14:15 INFO  : ----------------XSDB Script----------------
connect -url tcp:127.0.0.1:3121
configparams mdm-detect-bscan-mask 2
targets -set -nocase -filter {name =~ "microblaze*#0" && bscan=="USER2"  && jtag_cable_name =~ "Digilent Nexys A7 -100T 210292AD31E2A"} -index 0
rst -processor
targets -set -nocase -filter {name =~ "microblaze*#0" && bscan=="USER2"  && jtag_cable_name =~ "Digilent Nexys A7 -100T 210292AD31E2A"} -index 0
dow D:/Projects/Code/ECE544_Proj_Final/code/ece544_proj_final/ece544_proj_final.sdk/ece544_proj_final_software/Debug/ece544_proj_final_software.elf
----------------End of Script----------------

17:25:58 INFO  : Disconnected from the channel tcfchan#13.
17:26:12 INFO  : 'targets -set -filter {jtag_cable_name =~ "Digilent Nexys A7 -100T 210292AD31E2A" && level==0} -index 0' command is executed.
17:26:12 INFO  : 'fpga -state' command is executed.
17:26:12 INFO  : Connected to target on host '127.0.0.1' and port '3121'.
17:26:12 INFO  : Jtag cable 'Digilent Nexys A7 -100T 210292AD31E2A' is selected.
17:26:12 INFO  : 'jtag frequency' command is executed.
17:26:12 INFO  : 'configparams mdm-detect-bscan-mask 2' command is executed.
17:26:12 INFO  : Context for processor 'microblaze_0' is selected.
17:26:12 INFO  : Processor reset is completed for 'microblaze_0'.
17:26:12 INFO  : Context for processor 'microblaze_0' is selected.
17:26:13 INFO  : The application 'D:/Projects/Code/ECE544_Proj_Final/code/ece544_proj_final/ece544_proj_final.sdk/ece544_proj_final_software/Debug/ece544_proj_final_software.elf' is downloaded to processor 'microblaze_0'.
17:26:13 INFO  : ----------------XSDB Script----------------
connect -url tcp:127.0.0.1:3121
configparams mdm-detect-bscan-mask 2
targets -set -nocase -filter {name =~ "microblaze*#0" && bscan=="USER2"  && jtag_cable_name =~ "Digilent Nexys A7 -100T 210292AD31E2A"} -index 0
rst -processor
targets -set -nocase -filter {name =~ "microblaze*#0" && bscan=="USER2"  && jtag_cable_name =~ "Digilent Nexys A7 -100T 210292AD31E2A"} -index 0
dow D:/Projects/Code/ECE544_Proj_Final/code/ece544_proj_final/ece544_proj_final.sdk/ece544_proj_final_software/Debug/ece544_proj_final_software.elf
----------------End of Script----------------

17:26:44 INFO  : Disconnected from the channel tcfchan#14.
17:27:12 INFO  : 'targets -set -filter {jtag_cable_name =~ "Digilent Nexys A7 -100T 210292AD31E2A" && level==0} -index 0' command is executed.
17:27:12 INFO  : 'fpga -state' command is executed.
17:27:12 INFO  : Connected to target on host '127.0.0.1' and port '3121'.
17:27:13 INFO  : Jtag cable 'Digilent Nexys A7 -100T 210292AD31E2A' is selected.
17:27:13 INFO  : 'jtag frequency' command is executed.
17:27:13 INFO  : 'configparams mdm-detect-bscan-mask 2' command is executed.
17:27:13 INFO  : Context for processor 'microblaze_0' is selected.
17:27:13 INFO  : Processor reset is completed for 'microblaze_0'.
17:27:13 INFO  : Context for processor 'microblaze_0' is selected.
17:27:13 INFO  : The application 'D:/Projects/Code/ECE544_Proj_Final/code/ece544_proj_final/ece544_proj_final.sdk/ece544_proj_final_software/Debug/ece544_proj_final_software.elf' is downloaded to processor 'microblaze_0'.
17:27:13 INFO  : ----------------XSDB Script----------------
connect -url tcp:127.0.0.1:3121
configparams mdm-detect-bscan-mask 2
targets -set -nocase -filter {name =~ "microblaze*#0" && bscan=="USER2"  && jtag_cable_name =~ "Digilent Nexys A7 -100T 210292AD31E2A"} -index 0
rst -processor
targets -set -nocase -filter {name =~ "microblaze*#0" && bscan=="USER2"  && jtag_cable_name =~ "Digilent Nexys A7 -100T 210292AD31E2A"} -index 0
dow D:/Projects/Code/ECE544_Proj_Final/code/ece544_proj_final/ece544_proj_final.sdk/ece544_proj_final_software/Debug/ece544_proj_final_software.elf
----------------End of Script----------------

17:38:30 INFO  : Disconnected from the channel tcfchan#15.
17:47:26 INFO  : 'targets -set -filter {jtag_cable_name =~ "Digilent Nexys A7 -100T 210292AD31E2A" && level==0} -index 0' command is executed.
17:47:26 INFO  : 'fpga -state' command is executed.
17:47:26 INFO  : Connected to target on host '127.0.0.1' and port '3121'.
17:47:26 INFO  : Jtag cable 'Digilent Nexys A7 -100T 210292AD31E2A' is selected.
17:47:26 INFO  : 'jtag frequency' command is executed.
17:47:26 INFO  : 'configparams mdm-detect-bscan-mask 2' command is executed.
17:47:26 INFO  : Context for processor 'microblaze_0' is selected.
17:47:26 INFO  : Processor reset is completed for 'microblaze_0'.
17:47:26 INFO  : Context for processor 'microblaze_0' is selected.
17:47:27 INFO  : The application 'D:/Projects/Code/ECE544_Proj_Final/code/ece544_proj_final/ece544_proj_final.sdk/ece544_proj_final_software/Debug/ece544_proj_final_software.elf' is downloaded to processor 'microblaze_0'.
17:47:27 INFO  : ----------------XSDB Script----------------
connect -url tcp:127.0.0.1:3121
configparams mdm-detect-bscan-mask 2
targets -set -nocase -filter {name =~ "microblaze*#0" && bscan=="USER2"  && jtag_cable_name =~ "Digilent Nexys A7 -100T 210292AD31E2A"} -index 0
rst -processor
targets -set -nocase -filter {name =~ "microblaze*#0" && bscan=="USER2"  && jtag_cable_name =~ "Digilent Nexys A7 -100T 210292AD31E2A"} -index 0
dow D:/Projects/Code/ECE544_Proj_Final/code/ece544_proj_final/ece544_proj_final.sdk/ece544_proj_final_software/Debug/ece544_proj_final_software.elf
----------------End of Script----------------

17:49:44 INFO  : Disconnected from the channel tcfchan#16.
17:49:48 INFO  : 'targets -set -filter {jtag_cable_name =~ "Digilent Nexys A7 -100T 210292AD31E2A" && level==0} -index 0' command is executed.
17:49:48 INFO  : 'fpga -state' command is executed.
17:49:48 INFO  : Connected to target on host '127.0.0.1' and port '3121'.
17:49:49 INFO  : Jtag cable 'Digilent Nexys A7 -100T 210292AD31E2A' is selected.
17:49:49 INFO  : 'jtag frequency' command is executed.
17:49:49 INFO  : 'configparams mdm-detect-bscan-mask 2' command is executed.
17:49:49 INFO  : Context for processor 'microblaze_0' is selected.
17:49:49 INFO  : Processor reset is completed for 'microblaze_0'.
17:49:49 INFO  : Context for processor 'microblaze_0' is selected.
17:49:49 INFO  : The application 'D:/Projects/Code/ECE544_Proj_Final/code/ece544_proj_final/ece544_proj_final.sdk/ece544_proj_final_software/Debug/ece544_proj_final_software.elf' is downloaded to processor 'microblaze_0'.
17:49:49 INFO  : ----------------XSDB Script----------------
connect -url tcp:127.0.0.1:3121
configparams mdm-detect-bscan-mask 2
targets -set -nocase -filter {name =~ "microblaze*#0" && bscan=="USER2"  && jtag_cable_name =~ "Digilent Nexys A7 -100T 210292AD31E2A"} -index 0
rst -processor
targets -set -nocase -filter {name =~ "microblaze*#0" && bscan=="USER2"  && jtag_cable_name =~ "Digilent Nexys A7 -100T 210292AD31E2A"} -index 0
dow D:/Projects/Code/ECE544_Proj_Final/code/ece544_proj_final/ece544_proj_final.sdk/ece544_proj_final_software/Debug/ece544_proj_final_software.elf
----------------End of Script----------------

17:50:24 INFO  : Disconnected from the channel tcfchan#17.
17:50:29 INFO  : 'targets -set -filter {jtag_cable_name =~ "Digilent Nexys A7 -100T 210292AD31E2A" && level==0} -index 0' command is executed.
17:50:29 INFO  : 'fpga -state' command is executed.
17:50:29 INFO  : Connected to target on host '127.0.0.1' and port '3121'.
17:50:30 INFO  : Jtag cable 'Digilent Nexys A7 -100T 210292AD31E2A' is selected.
17:50:30 INFO  : 'jtag frequency' command is executed.
17:50:30 INFO  : 'configparams mdm-detect-bscan-mask 2' command is executed.
17:50:30 INFO  : Context for processor 'microblaze_0' is selected.
17:50:30 INFO  : Processor reset is completed for 'microblaze_0'.
17:50:30 INFO  : Context for processor 'microblaze_0' is selected.
17:50:30 INFO  : The application 'D:/Projects/Code/ECE544_Proj_Final/code/ece544_proj_final/ece544_proj_final.sdk/ece544_proj_final_software/Debug/ece544_proj_final_software.elf' is downloaded to processor 'microblaze_0'.
17:50:30 INFO  : ----------------XSDB Script----------------
connect -url tcp:127.0.0.1:3121
configparams mdm-detect-bscan-mask 2
targets -set -nocase -filter {name =~ "microblaze*#0" && bscan=="USER2"  && jtag_cable_name =~ "Digilent Nexys A7 -100T 210292AD31E2A"} -index 0
rst -processor
targets -set -nocase -filter {name =~ "microblaze*#0" && bscan=="USER2"  && jtag_cable_name =~ "Digilent Nexys A7 -100T 210292AD31E2A"} -index 0
dow D:/Projects/Code/ECE544_Proj_Final/code/ece544_proj_final/ece544_proj_final.sdk/ece544_proj_final_software/Debug/ece544_proj_final_software.elf
----------------End of Script----------------

17:51:18 INFO  : Disconnected from the channel tcfchan#18.
17:52:39 INFO  : 'targets -set -filter {jtag_cable_name =~ "Digilent Nexys A7 -100T 210292AD31E2A" && level==0} -index 0' command is executed.
17:52:39 INFO  : 'fpga -state' command is executed.
17:52:39 INFO  : Connected to target on host '127.0.0.1' and port '3121'.
17:52:40 INFO  : Jtag cable 'Digilent Nexys A7 -100T 210292AD31E2A' is selected.
17:52:40 INFO  : 'jtag frequency' command is executed.
17:52:40 INFO  : 'configparams mdm-detect-bscan-mask 2' command is executed.
17:52:40 INFO  : Context for processor 'microblaze_0' is selected.
17:52:40 INFO  : Processor reset is completed for 'microblaze_0'.
17:52:40 INFO  : Context for processor 'microblaze_0' is selected.
17:52:40 INFO  : The application 'D:/Projects/Code/ECE544_Proj_Final/code/ece544_proj_final/ece544_proj_final.sdk/ece544_proj_final_software/Debug/ece544_proj_final_software.elf' is downloaded to processor 'microblaze_0'.
17:52:40 INFO  : ----------------XSDB Script----------------
connect -url tcp:127.0.0.1:3121
configparams mdm-detect-bscan-mask 2
targets -set -nocase -filter {name =~ "microblaze*#0" && bscan=="USER2"  && jtag_cable_name =~ "Digilent Nexys A7 -100T 210292AD31E2A"} -index 0
rst -processor
targets -set -nocase -filter {name =~ "microblaze*#0" && bscan=="USER2"  && jtag_cable_name =~ "Digilent Nexys A7 -100T 210292AD31E2A"} -index 0
dow D:/Projects/Code/ECE544_Proj_Final/code/ece544_proj_final/ece544_proj_final.sdk/ece544_proj_final_software/Debug/ece544_proj_final_software.elf
----------------End of Script----------------

17:59:37 INFO  : Disconnected from the channel tcfchan#19.
17:59:41 INFO  : 'targets -set -filter {jtag_cable_name =~ "Digilent Nexys A7 -100T 210292AD31E2A" && level==0} -index 0' command is executed.
17:59:41 INFO  : 'fpga -state' command is executed.
17:59:41 INFO  : Connected to target on host '127.0.0.1' and port '3121'.
17:59:41 INFO  : Jtag cable 'Digilent Nexys A7 -100T 210292AD31E2A' is selected.
17:59:41 INFO  : 'jtag frequency' command is executed.
17:59:41 INFO  : 'configparams mdm-detect-bscan-mask 2' command is executed.
17:59:41 INFO  : Context for processor 'microblaze_0' is selected.
17:59:41 INFO  : Processor reset is completed for 'microblaze_0'.
17:59:41 INFO  : Context for processor 'microblaze_0' is selected.
17:59:42 INFO  : The application 'D:/Projects/Code/ECE544_Proj_Final/code/ece544_proj_final/ece544_proj_final.sdk/ece544_proj_final_software/Debug/ece544_proj_final_software.elf' is downloaded to processor 'microblaze_0'.
17:59:42 INFO  : ----------------XSDB Script----------------
connect -url tcp:127.0.0.1:3121
configparams mdm-detect-bscan-mask 2
targets -set -nocase -filter {name =~ "microblaze*#0" && bscan=="USER2"  && jtag_cable_name =~ "Digilent Nexys A7 -100T 210292AD31E2A"} -index 0
rst -processor
targets -set -nocase -filter {name =~ "microblaze*#0" && bscan=="USER2"  && jtag_cable_name =~ "Digilent Nexys A7 -100T 210292AD31E2A"} -index 0
dow D:/Projects/Code/ECE544_Proj_Final/code/ece544_proj_final/ece544_proj_final.sdk/ece544_proj_final_software/Debug/ece544_proj_final_software.elf
----------------End of Script----------------

18:00:20 INFO  : Disconnected from the channel tcfchan#20.
18:00:24 INFO  : 'targets -set -filter {jtag_cable_name =~ "Digilent Nexys A7 -100T 210292AD31E2A" && level==0} -index 0' command is executed.
18:00:24 INFO  : 'fpga -state' command is executed.
18:00:24 INFO  : Connected to target on host '127.0.0.1' and port '3121'.
18:00:25 INFO  : Jtag cable 'Digilent Nexys A7 -100T 210292AD31E2A' is selected.
18:00:25 INFO  : 'jtag frequency' command is executed.
18:00:25 INFO  : 'configparams mdm-detect-bscan-mask 2' command is executed.
18:00:25 INFO  : Context for processor 'microblaze_0' is selected.
18:00:25 INFO  : Processor reset is completed for 'microblaze_0'.
18:00:25 INFO  : Context for processor 'microblaze_0' is selected.
18:00:25 INFO  : The application 'D:/Projects/Code/ECE544_Proj_Final/code/ece544_proj_final/ece544_proj_final.sdk/ece544_proj_final_software/Debug/ece544_proj_final_software.elf' is downloaded to processor 'microblaze_0'.
18:00:25 INFO  : ----------------XSDB Script----------------
connect -url tcp:127.0.0.1:3121
configparams mdm-detect-bscan-mask 2
targets -set -nocase -filter {name =~ "microblaze*#0" && bscan=="USER2"  && jtag_cable_name =~ "Digilent Nexys A7 -100T 210292AD31E2A"} -index 0
rst -processor
targets -set -nocase -filter {name =~ "microblaze*#0" && bscan=="USER2"  && jtag_cable_name =~ "Digilent Nexys A7 -100T 210292AD31E2A"} -index 0
dow D:/Projects/Code/ECE544_Proj_Final/code/ece544_proj_final/ece544_proj_final.sdk/ece544_proj_final_software/Debug/ece544_proj_final_software.elf
----------------End of Script----------------

18:00:44 INFO  : Disconnected from the channel tcfchan#21.
18:02:47 INFO  : 'targets -set -filter {jtag_cable_name =~ "Digilent Nexys A7 -100T 210292AD31E2A" && level==0} -index 0' command is executed.
18:02:47 INFO  : 'fpga -state' command is executed.
18:02:47 INFO  : Connected to target on host '127.0.0.1' and port '3121'.
18:02:48 INFO  : Jtag cable 'Digilent Nexys A7 -100T 210292AD31E2A' is selected.
18:02:48 INFO  : 'jtag frequency' command is executed.
18:02:48 INFO  : 'configparams mdm-detect-bscan-mask 2' command is executed.
18:02:48 INFO  : Context for processor 'microblaze_0' is selected.
18:02:48 INFO  : Processor reset is completed for 'microblaze_0'.
18:02:48 INFO  : Context for processor 'microblaze_0' is selected.
18:02:48 INFO  : The application 'D:/Projects/Code/ECE544_Proj_Final/code/ece544_proj_final/ece544_proj_final.sdk/ece544_proj_final_software/Debug/ece544_proj_final_software.elf' is downloaded to processor 'microblaze_0'.
18:02:48 INFO  : ----------------XSDB Script----------------
connect -url tcp:127.0.0.1:3121
configparams mdm-detect-bscan-mask 2
targets -set -nocase -filter {name =~ "microblaze*#0" && bscan=="USER2"  && jtag_cable_name =~ "Digilent Nexys A7 -100T 210292AD31E2A"} -index 0
rst -processor
targets -set -nocase -filter {name =~ "microblaze*#0" && bscan=="USER2"  && jtag_cable_name =~ "Digilent Nexys A7 -100T 210292AD31E2A"} -index 0
dow D:/Projects/Code/ECE544_Proj_Final/code/ece544_proj_final/ece544_proj_final.sdk/ece544_proj_final_software/Debug/ece544_proj_final_software.elf
----------------End of Script----------------

18:08:46 INFO  : Disconnected from the channel tcfchan#22.
18:08:51 INFO  : 'targets -set -filter {jtag_cable_name =~ "Digilent Nexys A7 -100T 210292AD31E2A" && level==0} -index 0' command is executed.
18:08:51 INFO  : 'fpga -state' command is executed.
18:08:51 INFO  : Connected to target on host '127.0.0.1' and port '3121'.
18:08:51 INFO  : Jtag cable 'Digilent Nexys A7 -100T 210292AD31E2A' is selected.
18:08:51 INFO  : 'jtag frequency' command is executed.
18:08:51 INFO  : 'configparams mdm-detect-bscan-mask 2' command is executed.
18:08:51 INFO  : Context for processor 'microblaze_0' is selected.
18:08:51 INFO  : Processor reset is completed for 'microblaze_0'.
18:08:51 INFO  : Context for processor 'microblaze_0' is selected.
18:08:52 INFO  : The application 'D:/Projects/Code/ECE544_Proj_Final/code/ece544_proj_final/ece544_proj_final.sdk/ece544_proj_final_software/Debug/ece544_proj_final_software.elf' is downloaded to processor 'microblaze_0'.
18:08:52 INFO  : ----------------XSDB Script----------------
connect -url tcp:127.0.0.1:3121
configparams mdm-detect-bscan-mask 2
targets -set -nocase -filter {name =~ "microblaze*#0" && bscan=="USER2"  && jtag_cable_name =~ "Digilent Nexys A7 -100T 210292AD31E2A"} -index 0
rst -processor
targets -set -nocase -filter {name =~ "microblaze*#0" && bscan=="USER2"  && jtag_cable_name =~ "Digilent Nexys A7 -100T 210292AD31E2A"} -index 0
dow D:/Projects/Code/ECE544_Proj_Final/code/ece544_proj_final/ece544_proj_final.sdk/ece544_proj_final_software/Debug/ece544_proj_final_software.elf
----------------End of Script----------------

18:13:32 INFO  : Disconnected from the channel tcfchan#23.
18:13:50 INFO  : 'targets -set -filter {jtag_cable_name =~ "Digilent Nexys A7 -100T 210292AD31E2A" && level==0} -index 0' command is executed.
18:13:50 INFO  : 'fpga -state' command is executed.
18:13:50 INFO  : Connected to target on host '127.0.0.1' and port '3121'.
18:13:50 INFO  : Jtag cable 'Digilent Nexys A7 -100T 210292AD31E2A' is selected.
18:13:50 INFO  : 'jtag frequency' command is executed.
18:13:50 INFO  : 'configparams mdm-detect-bscan-mask 2' command is executed.
18:13:50 INFO  : Context for processor 'microblaze_0' is selected.
18:13:50 INFO  : Processor reset is completed for 'microblaze_0'.
18:13:50 INFO  : Context for processor 'microblaze_0' is selected.
18:13:50 INFO  : The application 'D:/Projects/Code/ECE544_Proj_Final/code/ece544_proj_final/ece544_proj_final.sdk/ece544_proj_final_software/Debug/ece544_proj_final_software.elf' is downloaded to processor 'microblaze_0'.
18:13:50 INFO  : ----------------XSDB Script----------------
connect -url tcp:127.0.0.1:3121
configparams mdm-detect-bscan-mask 2
targets -set -nocase -filter {name =~ "microblaze*#0" && bscan=="USER2"  && jtag_cable_name =~ "Digilent Nexys A7 -100T 210292AD31E2A"} -index 0
rst -processor
targets -set -nocase -filter {name =~ "microblaze*#0" && bscan=="USER2"  && jtag_cable_name =~ "Digilent Nexys A7 -100T 210292AD31E2A"} -index 0
dow D:/Projects/Code/ECE544_Proj_Final/code/ece544_proj_final/ece544_proj_final.sdk/ece544_proj_final_software/Debug/ece544_proj_final_software.elf
----------------End of Script----------------

18:19:05 INFO  : Disconnected from the channel tcfchan#24.
18:19:09 INFO  : 'targets -set -filter {jtag_cable_name =~ "Digilent Nexys A7 -100T 210292AD31E2A" && level==0} -index 0' command is executed.
18:19:09 INFO  : 'fpga -state' command is executed.
18:19:09 INFO  : Connected to target on host '127.0.0.1' and port '3121'.
18:19:09 INFO  : Jtag cable 'Digilent Nexys A7 -100T 210292AD31E2A' is selected.
18:19:09 INFO  : 'jtag frequency' command is executed.
18:19:09 INFO  : 'configparams mdm-detect-bscan-mask 2' command is executed.
18:19:09 INFO  : Context for processor 'microblaze_0' is selected.
18:19:09 INFO  : Processor reset is completed for 'microblaze_0'.
18:19:09 INFO  : Context for processor 'microblaze_0' is selected.
18:19:09 INFO  : The application 'D:/Projects/Code/ECE544_Proj_Final/code/ece544_proj_final/ece544_proj_final.sdk/ece544_proj_final_software/Debug/ece544_proj_final_software.elf' is downloaded to processor 'microblaze_0'.
18:19:09 INFO  : ----------------XSDB Script----------------
connect -url tcp:127.0.0.1:3121
configparams mdm-detect-bscan-mask 2
targets -set -nocase -filter {name =~ "microblaze*#0" && bscan=="USER2"  && jtag_cable_name =~ "Digilent Nexys A7 -100T 210292AD31E2A"} -index 0
rst -processor
targets -set -nocase -filter {name =~ "microblaze*#0" && bscan=="USER2"  && jtag_cable_name =~ "Digilent Nexys A7 -100T 210292AD31E2A"} -index 0
dow D:/Projects/Code/ECE544_Proj_Final/code/ece544_proj_final/ece544_proj_final.sdk/ece544_proj_final_software/Debug/ece544_proj_final_software.elf
----------------End of Script----------------

18:20:32 INFO  : Disconnected from the channel tcfchan#25.
18:24:56 INFO  : 'targets -set -filter {jtag_cable_name =~ "Digilent Nexys A7 -100T 210292AD31E2A" && level==0} -index 0' command is executed.
18:24:56 INFO  : 'fpga -state' command is executed.
18:24:56 INFO  : Connected to target on host '127.0.0.1' and port '3121'.
18:24:56 INFO  : Jtag cable 'Digilent Nexys A7 -100T 210292AD31E2A' is selected.
18:24:56 INFO  : 'jtag frequency' command is executed.
18:24:56 INFO  : 'configparams mdm-detect-bscan-mask 2' command is executed.
18:24:56 INFO  : Context for processor 'microblaze_0' is selected.
18:24:56 INFO  : Processor reset is completed for 'microblaze_0'.
18:24:57 INFO  : Context for processor 'microblaze_0' is selected.
18:24:57 INFO  : The application 'D:/Projects/Code/ECE544_Proj_Final/code/ece544_proj_final/ece544_proj_final.sdk/ece544_proj_final_software/Debug/ece544_proj_final_software.elf' is downloaded to processor 'microblaze_0'.
18:24:57 INFO  : ----------------XSDB Script----------------
connect -url tcp:127.0.0.1:3121
configparams mdm-detect-bscan-mask 2
targets -set -nocase -filter {name =~ "microblaze*#0" && bscan=="USER2"  && jtag_cable_name =~ "Digilent Nexys A7 -100T 210292AD31E2A"} -index 0
rst -processor
targets -set -nocase -filter {name =~ "microblaze*#0" && bscan=="USER2"  && jtag_cable_name =~ "Digilent Nexys A7 -100T 210292AD31E2A"} -index 0
dow D:/Projects/Code/ECE544_Proj_Final/code/ece544_proj_final/ece544_proj_final.sdk/ece544_proj_final_software/Debug/ece544_proj_final_software.elf
----------------End of Script----------------

18:25:44 INFO  : Disconnected from the channel tcfchan#26.
18:29:03 INFO  : 'targets -set -filter {jtag_cable_name =~ "Digilent Nexys A7 -100T 210292AD31E2A" && level==0} -index 0' command is executed.
18:29:03 INFO  : 'fpga -state' command is executed.
18:29:03 INFO  : Connected to target on host '127.0.0.1' and port '3121'.
18:29:04 INFO  : Jtag cable 'Digilent Nexys A7 -100T 210292AD31E2A' is selected.
18:29:04 INFO  : 'jtag frequency' command is executed.
18:29:04 INFO  : 'configparams mdm-detect-bscan-mask 2' command is executed.
18:29:04 INFO  : Context for processor 'microblaze_0' is selected.
18:29:04 INFO  : Processor reset is completed for 'microblaze_0'.
18:29:04 INFO  : Context for processor 'microblaze_0' is selected.
18:29:04 INFO  : The application 'D:/Projects/Code/ECE544_Proj_Final/code/ece544_proj_final/ece544_proj_final.sdk/ece544_proj_final_software/Debug/ece544_proj_final_software.elf' is downloaded to processor 'microblaze_0'.
18:29:04 INFO  : ----------------XSDB Script----------------
connect -url tcp:127.0.0.1:3121
configparams mdm-detect-bscan-mask 2
targets -set -nocase -filter {name =~ "microblaze*#0" && bscan=="USER2"  && jtag_cable_name =~ "Digilent Nexys A7 -100T 210292AD31E2A"} -index 0
rst -processor
targets -set -nocase -filter {name =~ "microblaze*#0" && bscan=="USER2"  && jtag_cable_name =~ "Digilent Nexys A7 -100T 210292AD31E2A"} -index 0
dow D:/Projects/Code/ECE544_Proj_Final/code/ece544_proj_final/ece544_proj_final.sdk/ece544_proj_final_software/Debug/ece544_proj_final_software.elf
----------------End of Script----------------

18:29:44 INFO  : Disconnected from the channel tcfchan#27.
18:30:51 INFO  : 'targets -set -filter {jtag_cable_name =~ "Digilent Nexys A7 -100T 210292AD31E2A" && level==0} -index 0' command is executed.
18:30:51 INFO  : 'fpga -state' command is executed.
18:30:51 INFO  : Connected to target on host '127.0.0.1' and port '3121'.
18:30:51 INFO  : Jtag cable 'Digilent Nexys A7 -100T 210292AD31E2A' is selected.
18:30:52 INFO  : 'jtag frequency' command is executed.
18:30:52 INFO  : 'configparams mdm-detect-bscan-mask 2' command is executed.
18:30:52 INFO  : Context for processor 'microblaze_0' is selected.
18:30:52 INFO  : Processor reset is completed for 'microblaze_0'.
18:30:52 INFO  : Context for processor 'microblaze_0' is selected.
18:30:52 INFO  : The application 'D:/Projects/Code/ECE544_Proj_Final/code/ece544_proj_final/ece544_proj_final.sdk/ece544_proj_final_software/Debug/ece544_proj_final_software.elf' is downloaded to processor 'microblaze_0'.
18:30:52 INFO  : ----------------XSDB Script----------------
connect -url tcp:127.0.0.1:3121
configparams mdm-detect-bscan-mask 2
targets -set -nocase -filter {name =~ "microblaze*#0" && bscan=="USER2"  && jtag_cable_name =~ "Digilent Nexys A7 -100T 210292AD31E2A"} -index 0
rst -processor
targets -set -nocase -filter {name =~ "microblaze*#0" && bscan=="USER2"  && jtag_cable_name =~ "Digilent Nexys A7 -100T 210292AD31E2A"} -index 0
dow D:/Projects/Code/ECE544_Proj_Final/code/ece544_proj_final/ece544_proj_final.sdk/ece544_proj_final_software/Debug/ece544_proj_final_software.elf
----------------End of Script----------------

18:40:59 INFO  : Disconnected from the channel tcfchan#28.
18:41:03 INFO  : 'targets -set -filter {jtag_cable_name =~ "Digilent Nexys A7 -100T 210292AD31E2A" && level==0} -index 0' command is executed.
18:41:03 INFO  : 'fpga -state' command is executed.
18:41:03 INFO  : Connected to target on host '127.0.0.1' and port '3121'.
18:41:03 INFO  : Jtag cable 'Digilent Nexys A7 -100T 210292AD31E2A' is selected.
18:41:03 INFO  : 'jtag frequency' command is executed.
18:41:03 INFO  : 'configparams mdm-detect-bscan-mask 2' command is executed.
18:41:03 INFO  : Context for processor 'microblaze_0' is selected.
18:41:03 INFO  : Processor reset is completed for 'microblaze_0'.
18:41:04 INFO  : Context for processor 'microblaze_0' is selected.
18:41:04 INFO  : The application 'D:/Projects/Code/ECE544_Proj_Final/code/ece544_proj_final/ece544_proj_final.sdk/ece544_proj_final_software/Debug/ece544_proj_final_software.elf' is downloaded to processor 'microblaze_0'.
18:41:04 INFO  : ----------------XSDB Script----------------
connect -url tcp:127.0.0.1:3121
configparams mdm-detect-bscan-mask 2
targets -set -nocase -filter {name =~ "microblaze*#0" && bscan=="USER2"  && jtag_cable_name =~ "Digilent Nexys A7 -100T 210292AD31E2A"} -index 0
rst -processor
targets -set -nocase -filter {name =~ "microblaze*#0" && bscan=="USER2"  && jtag_cable_name =~ "Digilent Nexys A7 -100T 210292AD31E2A"} -index 0
dow D:/Projects/Code/ECE544_Proj_Final/code/ece544_proj_final/ece544_proj_final.sdk/ece544_proj_final_software/Debug/ece544_proj_final_software.elf
----------------End of Script----------------

19:06:21 INFO  : Disconnected from the channel tcfchan#29.
19:07:05 INFO  : 'targets -set -filter {jtag_cable_name =~ "Digilent Nexys A7 -100T 210292AD31E2A" && level==0} -index 0' command is executed.
19:07:05 INFO  : 'fpga -state' command is executed.
19:07:05 INFO  : Connected to target on host '127.0.0.1' and port '3121'.
19:07:05 INFO  : Jtag cable 'Digilent Nexys A7 -100T 210292AD31E2A' is selected.
19:07:05 INFO  : 'jtag frequency' command is executed.
19:07:05 INFO  : 'configparams mdm-detect-bscan-mask 2' command is executed.
19:07:05 INFO  : Context for processor 'microblaze_0' is selected.
19:07:05 INFO  : Processor reset is completed for 'microblaze_0'.
19:07:05 INFO  : Context for processor 'microblaze_0' is selected.
19:07:05 INFO  : The application 'D:/Projects/Code/ECE544_Proj_Final/code/ece544_proj_final/ece544_proj_final.sdk/ece544_proj_final_software/Debug/ece544_proj_final_software.elf' is downloaded to processor 'microblaze_0'.
19:07:05 INFO  : ----------------XSDB Script----------------
connect -url tcp:127.0.0.1:3121
configparams mdm-detect-bscan-mask 2
targets -set -nocase -filter {name =~ "microblaze*#0" && bscan=="USER2"  && jtag_cable_name =~ "Digilent Nexys A7 -100T 210292AD31E2A"} -index 0
rst -processor
targets -set -nocase -filter {name =~ "microblaze*#0" && bscan=="USER2"  && jtag_cable_name =~ "Digilent Nexys A7 -100T 210292AD31E2A"} -index 0
dow D:/Projects/Code/ECE544_Proj_Final/code/ece544_proj_final/ece544_proj_final.sdk/ece544_proj_final_software/Debug/ece544_proj_final_software.elf
----------------End of Script----------------

19:07:20 INFO  : Disconnected from the channel tcfchan#30.
19:07:23 INFO  : 'targets -set -filter {jtag_cable_name =~ "Digilent Nexys A7 -100T 210292AD31E2A" && level==0} -index 0' command is executed.
19:07:24 INFO  : 'fpga -state' command is executed.
19:07:24 INFO  : Connected to target on host '127.0.0.1' and port '3121'.
19:07:24 INFO  : Jtag cable 'Digilent Nexys A7 -100T 210292AD31E2A' is selected.
19:07:24 INFO  : 'jtag frequency' command is executed.
19:07:24 INFO  : 'configparams mdm-detect-bscan-mask 2' command is executed.
19:07:24 INFO  : Context for processor 'microblaze_0' is selected.
19:07:24 INFO  : Processor reset is completed for 'microblaze_0'.
19:07:24 INFO  : Context for processor 'microblaze_0' is selected.
19:07:24 INFO  : The application 'D:/Projects/Code/ECE544_Proj_Final/code/ece544_proj_final/ece544_proj_final.sdk/ece544_proj_final_software/Debug/ece544_proj_final_software.elf' is downloaded to processor 'microblaze_0'.
19:07:24 INFO  : ----------------XSDB Script----------------
connect -url tcp:127.0.0.1:3121
configparams mdm-detect-bscan-mask 2
targets -set -nocase -filter {name =~ "microblaze*#0" && bscan=="USER2"  && jtag_cable_name =~ "Digilent Nexys A7 -100T 210292AD31E2A"} -index 0
rst -processor
targets -set -nocase -filter {name =~ "microblaze*#0" && bscan=="USER2"  && jtag_cable_name =~ "Digilent Nexys A7 -100T 210292AD31E2A"} -index 0
dow D:/Projects/Code/ECE544_Proj_Final/code/ece544_proj_final/ece544_proj_final.sdk/ece544_proj_final_software/Debug/ece544_proj_final_software.elf
----------------End of Script----------------

19:08:19 INFO  : Disconnected from the channel tcfchan#31.
19:08:34 INFO  : 'targets -set -filter {jtag_cable_name =~ "Digilent Nexys A7 -100T 210292AD31E2A" && level==0} -index 0' command is executed.
19:08:34 INFO  : 'fpga -state' command is executed.
19:08:34 INFO  : Connected to target on host '127.0.0.1' and port '3121'.
19:08:34 INFO  : Jtag cable 'Digilent Nexys A7 -100T 210292AD31E2A' is selected.
19:08:34 INFO  : 'jtag frequency' command is executed.
19:08:34 INFO  : 'configparams mdm-detect-bscan-mask 2' command is executed.
19:08:35 INFO  : Context for processor 'microblaze_0' is selected.
19:08:35 INFO  : Processor reset is completed for 'microblaze_0'.
19:08:35 INFO  : Context for processor 'microblaze_0' is selected.
19:08:35 INFO  : The application 'D:/Projects/Code/ECE544_Proj_Final/code/ece544_proj_final/ece544_proj_final.sdk/ece544_proj_final_software/Debug/ece544_proj_final_software.elf' is downloaded to processor 'microblaze_0'.
19:08:35 INFO  : ----------------XSDB Script----------------
connect -url tcp:127.0.0.1:3121
configparams mdm-detect-bscan-mask 2
targets -set -nocase -filter {name =~ "microblaze*#0" && bscan=="USER2"  && jtag_cable_name =~ "Digilent Nexys A7 -100T 210292AD31E2A"} -index 0
rst -processor
targets -set -nocase -filter {name =~ "microblaze*#0" && bscan=="USER2"  && jtag_cable_name =~ "Digilent Nexys A7 -100T 210292AD31E2A"} -index 0
dow D:/Projects/Code/ECE544_Proj_Final/code/ece544_proj_final/ece544_proj_final.sdk/ece544_proj_final_software/Debug/ece544_proj_final_software.elf
----------------End of Script----------------

19:09:08 INFO  : Disconnected from the channel tcfchan#32.
19:09:32 INFO  : 'targets -set -filter {jtag_cable_name =~ "Digilent Nexys A7 -100T 210292AD31E2A" && level==0} -index 0' command is executed.
19:09:32 INFO  : 'fpga -state' command is executed.
19:09:32 INFO  : Connected to target on host '127.0.0.1' and port '3121'.
19:09:32 INFO  : Jtag cable 'Digilent Nexys A7 -100T 210292AD31E2A' is selected.
19:09:32 INFO  : 'jtag frequency' command is executed.
19:09:32 INFO  : 'configparams mdm-detect-bscan-mask 2' command is executed.
19:09:32 INFO  : Context for processor 'microblaze_0' is selected.
19:09:32 INFO  : Processor reset is completed for 'microblaze_0'.
19:09:32 INFO  : Context for processor 'microblaze_0' is selected.
19:09:33 INFO  : The application 'D:/Projects/Code/ECE544_Proj_Final/code/ece544_proj_final/ece544_proj_final.sdk/ece544_proj_final_software/Debug/ece544_proj_final_software.elf' is downloaded to processor 'microblaze_0'.
19:09:33 INFO  : ----------------XSDB Script----------------
connect -url tcp:127.0.0.1:3121
configparams mdm-detect-bscan-mask 2
targets -set -nocase -filter {name =~ "microblaze*#0" && bscan=="USER2"  && jtag_cable_name =~ "Digilent Nexys A7 -100T 210292AD31E2A"} -index 0
rst -processor
targets -set -nocase -filter {name =~ "microblaze*#0" && bscan=="USER2"  && jtag_cable_name =~ "Digilent Nexys A7 -100T 210292AD31E2A"} -index 0
dow D:/Projects/Code/ECE544_Proj_Final/code/ece544_proj_final/ece544_proj_final.sdk/ece544_proj_final_software/Debug/ece544_proj_final_software.elf
----------------End of Script----------------

19:10:29 INFO  : Disconnected from the channel tcfchan#33.
20:50:54 INFO  : 'targets -set -filter {jtag_cable_name =~ "Digilent Nexys A7 -100T 210292AD31E2A" && level==0} -index 0' command is executed.
20:50:54 INFO  : 'fpga -state' command is executed.
20:50:54 INFO  : Connected to target on host '127.0.0.1' and port '3121'.
20:50:54 INFO  : Jtag cable 'Digilent Nexys A7 -100T 210292AD31E2A' is selected.
20:50:54 INFO  : 'jtag frequency' command is executed.
20:50:54 INFO  : 'configparams mdm-detect-bscan-mask 2' command is executed.
20:50:54 INFO  : Context for processor 'microblaze_0' is selected.
20:50:55 INFO  : Processor reset is completed for 'microblaze_0'.
20:50:55 INFO  : Context for processor 'microblaze_0' is selected.
20:50:55 INFO  : The application 'D:/Projects/Code/ECE544_Proj_Final/code/ece544_proj_final/ece544_proj_final.sdk/ece544_proj_final_software/Debug/ece544_proj_final_software.elf' is downloaded to processor 'microblaze_0'.
20:50:55 INFO  : ----------------XSDB Script----------------
connect -url tcp:127.0.0.1:3121
configparams mdm-detect-bscan-mask 2
targets -set -nocase -filter {name =~ "microblaze*#0" && bscan=="USER2"  && jtag_cable_name =~ "Digilent Nexys A7 -100T 210292AD31E2A"} -index 0
rst -processor
targets -set -nocase -filter {name =~ "microblaze*#0" && bscan=="USER2"  && jtag_cable_name =~ "Digilent Nexys A7 -100T 210292AD31E2A"} -index 0
dow D:/Projects/Code/ECE544_Proj_Final/code/ece544_proj_final/ece544_proj_final.sdk/ece544_proj_final_software/Debug/ece544_proj_final_software.elf
----------------End of Script----------------

20:51:09 INFO  : Disconnected from the channel tcfchan#34.
20:51:23 INFO  : 'targets -set -filter {jtag_cable_name =~ "Digilent Nexys A7 -100T 210292AD31E2A" && level==0} -index 0' command is executed.
20:51:23 INFO  : 'fpga -state' command is executed.
20:51:23 INFO  : Connected to target on host '127.0.0.1' and port '3121'.
20:51:24 INFO  : Jtag cable 'Digilent Nexys A7 -100T 210292AD31E2A' is selected.
20:51:24 INFO  : 'jtag frequency' command is executed.
20:51:24 INFO  : 'configparams mdm-detect-bscan-mask 2' command is executed.
20:51:24 INFO  : Context for processor 'microblaze_0' is selected.
20:51:24 INFO  : Processor reset is completed for 'microblaze_0'.
20:51:24 INFO  : Context for processor 'microblaze_0' is selected.
20:51:24 INFO  : The application 'D:/Projects/Code/ECE544_Proj_Final/code/ece544_proj_final/ece544_proj_final.sdk/ece544_proj_final_software/Debug/ece544_proj_final_software.elf' is downloaded to processor 'microblaze_0'.
20:51:24 INFO  : ----------------XSDB Script----------------
connect -url tcp:127.0.0.1:3121
configparams mdm-detect-bscan-mask 2
targets -set -nocase -filter {name =~ "microblaze*#0" && bscan=="USER2"  && jtag_cable_name =~ "Digilent Nexys A7 -100T 210292AD31E2A"} -index 0
rst -processor
targets -set -nocase -filter {name =~ "microblaze*#0" && bscan=="USER2"  && jtag_cable_name =~ "Digilent Nexys A7 -100T 210292AD31E2A"} -index 0
dow D:/Projects/Code/ECE544_Proj_Final/code/ece544_proj_final/ece544_proj_final.sdk/ece544_proj_final_software/Debug/ece544_proj_final_software.elf
----------------End of Script----------------

20:52:05 INFO  : Disconnected from the channel tcfchan#35.
20:52:43 INFO  : 'targets -set -filter {jtag_cable_name =~ "Digilent Nexys A7 -100T 210292AD31E2A" && level==0} -index 0' command is executed.
20:52:43 INFO  : 'fpga -state' command is executed.
20:52:43 INFO  : Connected to target on host '127.0.0.1' and port '3121'.
20:52:44 INFO  : Jtag cable 'Digilent Nexys A7 -100T 210292AD31E2A' is selected.
20:52:44 INFO  : 'jtag frequency' command is executed.
20:52:44 INFO  : 'configparams mdm-detect-bscan-mask 2' command is executed.
20:52:44 INFO  : Context for processor 'microblaze_0' is selected.
20:52:44 INFO  : Processor reset is completed for 'microblaze_0'.
20:52:44 INFO  : Context for processor 'microblaze_0' is selected.
20:52:44 INFO  : The application 'D:/Projects/Code/ECE544_Proj_Final/code/ece544_proj_final/ece544_proj_final.sdk/ece544_proj_final_software/Debug/ece544_proj_final_software.elf' is downloaded to processor 'microblaze_0'.
20:52:44 INFO  : ----------------XSDB Script----------------
connect -url tcp:127.0.0.1:3121
configparams mdm-detect-bscan-mask 2
targets -set -nocase -filter {name =~ "microblaze*#0" && bscan=="USER2"  && jtag_cable_name =~ "Digilent Nexys A7 -100T 210292AD31E2A"} -index 0
rst -processor
targets -set -nocase -filter {name =~ "microblaze*#0" && bscan=="USER2"  && jtag_cable_name =~ "Digilent Nexys A7 -100T 210292AD31E2A"} -index 0
dow D:/Projects/Code/ECE544_Proj_Final/code/ece544_proj_final/ece544_proj_final.sdk/ece544_proj_final_software/Debug/ece544_proj_final_software.elf
----------------End of Script----------------

20:53:23 INFO  : Disconnected from the channel tcfchan#36.
21:15:34 INFO  : 'targets -set -filter {jtag_cable_name =~ "Digilent Nexys A7 -100T 210292AD31E2A" && level==0} -index 0' command is executed.
21:15:34 INFO  : 'fpga -state' command is executed.
21:15:34 INFO  : Connected to target on host '127.0.0.1' and port '3121'.
21:15:35 INFO  : Jtag cable 'Digilent Nexys A7 -100T 210292AD31E2A' is selected.
21:15:35 INFO  : 'jtag frequency' command is executed.
21:15:35 INFO  : 'configparams mdm-detect-bscan-mask 2' command is executed.
21:15:35 INFO  : Context for processor 'microblaze_0' is selected.
21:15:35 INFO  : Processor reset is completed for 'microblaze_0'.
21:15:35 INFO  : Context for processor 'microblaze_0' is selected.
21:15:35 INFO  : The application 'D:/Projects/Code/ECE544_Proj_Final/code/ece544_proj_final/ece544_proj_final.sdk/ece544_proj_final_software/Debug/ece544_proj_final_software.elf' is downloaded to processor 'microblaze_0'.
21:15:35 INFO  : ----------------XSDB Script----------------
connect -url tcp:127.0.0.1:3121
configparams mdm-detect-bscan-mask 2
targets -set -nocase -filter {name =~ "microblaze*#0" && bscan=="USER2"  && jtag_cable_name =~ "Digilent Nexys A7 -100T 210292AD31E2A"} -index 0
rst -processor
targets -set -nocase -filter {name =~ "microblaze*#0" && bscan=="USER2"  && jtag_cable_name =~ "Digilent Nexys A7 -100T 210292AD31E2A"} -index 0
dow D:/Projects/Code/ECE544_Proj_Final/code/ece544_proj_final/ece544_proj_final.sdk/ece544_proj_final_software/Debug/ece544_proj_final_software.elf
----------------End of Script----------------

21:15:56 INFO  : Disconnected from the channel tcfchan#37.
21:16:00 INFO  : 'targets -set -filter {jtag_cable_name =~ "Digilent Nexys A7 -100T 210292AD31E2A" && level==0} -index 0' command is executed.
21:16:00 INFO  : 'fpga -state' command is executed.
21:16:00 INFO  : Connected to target on host '127.0.0.1' and port '3121'.
21:16:01 INFO  : Jtag cable 'Digilent Nexys A7 -100T 210292AD31E2A' is selected.
21:16:01 INFO  : 'jtag frequency' command is executed.
21:16:01 INFO  : 'configparams mdm-detect-bscan-mask 2' command is executed.
21:16:01 INFO  : Context for processor 'microblaze_0' is selected.
21:16:01 INFO  : Processor reset is completed for 'microblaze_0'.
21:16:01 INFO  : Context for processor 'microblaze_0' is selected.
21:16:01 INFO  : The application 'D:/Projects/Code/ECE544_Proj_Final/code/ece544_proj_final/ece544_proj_final.sdk/ece544_proj_final_software/Debug/ece544_proj_final_software.elf' is downloaded to processor 'microblaze_0'.
21:16:01 INFO  : ----------------XSDB Script----------------
connect -url tcp:127.0.0.1:3121
configparams mdm-detect-bscan-mask 2
targets -set -nocase -filter {name =~ "microblaze*#0" && bscan=="USER2"  && jtag_cable_name =~ "Digilent Nexys A7 -100T 210292AD31E2A"} -index 0
rst -processor
targets -set -nocase -filter {name =~ "microblaze*#0" && bscan=="USER2"  && jtag_cable_name =~ "Digilent Nexys A7 -100T 210292AD31E2A"} -index 0
dow D:/Projects/Code/ECE544_Proj_Final/code/ece544_proj_final/ece544_proj_final.sdk/ece544_proj_final_software/Debug/ece544_proj_final_software.elf
----------------End of Script----------------

21:17:00 INFO  : Disconnected from the channel tcfchan#38.
21:39:12 INFO  : 'targets -set -filter {jtag_cable_name =~ "Digilent Nexys A7 -100T 210292AD31E2A" && level==0} -index 0' command is executed.
21:39:12 INFO  : 'fpga -state' command is executed.
21:39:12 INFO  : Connected to target on host '127.0.0.1' and port '3121'.
21:39:12 INFO  : Jtag cable 'Digilent Nexys A7 -100T 210292AD31E2A' is selected.
21:39:12 INFO  : 'jtag frequency' command is executed.
21:39:12 INFO  : 'configparams mdm-detect-bscan-mask 2' command is executed.
21:39:12 INFO  : Context for processor 'microblaze_0' is selected.
21:39:12 INFO  : Processor reset is completed for 'microblaze_0'.
21:39:12 INFO  : Context for processor 'microblaze_0' is selected.
21:39:13 INFO  : The application 'D:/Projects/Code/ECE544_Proj_Final/code/ece544_proj_final/ece544_proj_final.sdk/ece544_proj_final_software/Debug/ece544_proj_final_software.elf' is downloaded to processor 'microblaze_0'.
21:39:13 INFO  : ----------------XSDB Script----------------
connect -url tcp:127.0.0.1:3121
configparams mdm-detect-bscan-mask 2
targets -set -nocase -filter {name =~ "microblaze*#0" && bscan=="USER2"  && jtag_cable_name =~ "Digilent Nexys A7 -100T 210292AD31E2A"} -index 0
rst -processor
targets -set -nocase -filter {name =~ "microblaze*#0" && bscan=="USER2"  && jtag_cable_name =~ "Digilent Nexys A7 -100T 210292AD31E2A"} -index 0
dow D:/Projects/Code/ECE544_Proj_Final/code/ece544_proj_final/ece544_proj_final.sdk/ece544_proj_final_software/Debug/ece544_proj_final_software.elf
----------------End of Script----------------

21:40:55 INFO  : Disconnected from the channel tcfchan#39.
21:55:26 INFO  : 'targets -set -filter {jtag_cable_name =~ "Digilent Nexys A7 -100T 210292AD31E2A" && level==0} -index 0' command is executed.
21:55:26 INFO  : 'fpga -state' command is executed.
21:55:26 INFO  : Connected to target on host '127.0.0.1' and port '3121'.
21:55:26 INFO  : Jtag cable 'Digilent Nexys A7 -100T 210292AD31E2A' is selected.
21:55:26 INFO  : 'jtag frequency' command is executed.
21:55:26 INFO  : 'configparams mdm-detect-bscan-mask 2' command is executed.
21:55:26 INFO  : Context for processor 'microblaze_0' is selected.
21:55:26 INFO  : Processor reset is completed for 'microblaze_0'.
21:55:26 INFO  : Context for processor 'microblaze_0' is selected.
21:55:26 INFO  : The application 'D:/Projects/Code/ECE544_Proj_Final/code/ece544_proj_final/ece544_proj_final.sdk/ece544_proj_final_software/Debug/ece544_proj_final_software.elf' is downloaded to processor 'microblaze_0'.
21:55:26 INFO  : ----------------XSDB Script----------------
connect -url tcp:127.0.0.1:3121
configparams mdm-detect-bscan-mask 2
targets -set -nocase -filter {name =~ "microblaze*#0" && bscan=="USER2"  && jtag_cable_name =~ "Digilent Nexys A7 -100T 210292AD31E2A"} -index 0
rst -processor
targets -set -nocase -filter {name =~ "microblaze*#0" && bscan=="USER2"  && jtag_cable_name =~ "Digilent Nexys A7 -100T 210292AD31E2A"} -index 0
dow D:/Projects/Code/ECE544_Proj_Final/code/ece544_proj_final/ece544_proj_final.sdk/ece544_proj_final_software/Debug/ece544_proj_final_software.elf
----------------End of Script----------------

21:55:37 INFO  : Disconnected from the channel tcfchan#40.
21:55:45 INFO  : 'targets -set -filter {jtag_cable_name =~ "Digilent Nexys A7 -100T 210292AD31E2A" && level==0} -index 0' command is executed.
21:55:45 INFO  : 'fpga -state' command is executed.
21:55:45 INFO  : Connected to target on host '127.0.0.1' and port '3121'.
21:55:45 INFO  : Jtag cable 'Digilent Nexys A7 -100T 210292AD31E2A' is selected.
21:55:45 INFO  : 'jtag frequency' command is executed.
21:55:45 INFO  : 'configparams mdm-detect-bscan-mask 2' command is executed.
21:55:45 INFO  : Context for processor 'microblaze_0' is selected.
21:55:45 INFO  : Processor reset is completed for 'microblaze_0'.
21:55:45 INFO  : Context for processor 'microblaze_0' is selected.
21:55:46 INFO  : The application 'D:/Projects/Code/ECE544_Proj_Final/code/ece544_proj_final/ece544_proj_final.sdk/ece544_proj_final_software/Debug/ece544_proj_final_software.elf' is downloaded to processor 'microblaze_0'.
21:55:46 INFO  : ----------------XSDB Script----------------
connect -url tcp:127.0.0.1:3121
configparams mdm-detect-bscan-mask 2
targets -set -nocase -filter {name =~ "microblaze*#0" && bscan=="USER2"  && jtag_cable_name =~ "Digilent Nexys A7 -100T 210292AD31E2A"} -index 0
rst -processor
targets -set -nocase -filter {name =~ "microblaze*#0" && bscan=="USER2"  && jtag_cable_name =~ "Digilent Nexys A7 -100T 210292AD31E2A"} -index 0
dow D:/Projects/Code/ECE544_Proj_Final/code/ece544_proj_final/ece544_proj_final.sdk/ece544_proj_final_software/Debug/ece544_proj_final_software.elf
----------------End of Script----------------

22:28:06 INFO  : Disconnected from the channel tcfchan#41.
22:28:13 INFO  : 'targets -set -filter {jtag_cable_name =~ "Digilent Nexys A7 -100T 210292AD31E2A" && level==0} -index 0' command is executed.
22:28:13 INFO  : 'fpga -state' command is executed.
22:28:13 INFO  : Connected to target on host '127.0.0.1' and port '3121'.
22:28:13 INFO  : Jtag cable 'Digilent Nexys A7 -100T 210292AD31E2A' is selected.
22:28:13 INFO  : 'jtag frequency' command is executed.
22:28:13 INFO  : 'configparams mdm-detect-bscan-mask 2' command is executed.
22:28:13 INFO  : Context for processor 'microblaze_0' is selected.
22:28:13 INFO  : Processor reset is completed for 'microblaze_0'.
22:28:13 INFO  : Context for processor 'microblaze_0' is selected.
22:28:13 INFO  : The application 'D:/Projects/Code/ECE544_Proj_Final/code/ece544_proj_final/ece544_proj_final.sdk/ece544_proj_final_software/Debug/ece544_proj_final_software.elf' is downloaded to processor 'microblaze_0'.
22:28:13 INFO  : ----------------XSDB Script----------------
connect -url tcp:127.0.0.1:3121
configparams mdm-detect-bscan-mask 2
targets -set -nocase -filter {name =~ "microblaze*#0" && bscan=="USER2"  && jtag_cable_name =~ "Digilent Nexys A7 -100T 210292AD31E2A"} -index 0
rst -processor
targets -set -nocase -filter {name =~ "microblaze*#0" && bscan=="USER2"  && jtag_cable_name =~ "Digilent Nexys A7 -100T 210292AD31E2A"} -index 0
dow D:/Projects/Code/ECE544_Proj_Final/code/ece544_proj_final/ece544_proj_final.sdk/ece544_proj_final_software/Debug/ece544_proj_final_software.elf
----------------End of Script----------------

22:31:03 INFO  : Disconnected from the channel tcfchan#42.
22:44:55 INFO  : 'targets -set -filter {jtag_cable_name =~ "Digilent Nexys A7 -100T 210292AD31E2A" && level==0} -index 0' command is executed.
22:44:55 INFO  : 'fpga -state' command is executed.
22:44:55 INFO  : Connected to target on host '127.0.0.1' and port '3121'.
22:44:56 INFO  : Jtag cable 'Digilent Nexys A7 -100T 210292AD31E2A' is selected.
22:44:56 INFO  : 'jtag frequency' command is executed.
22:44:56 INFO  : 'configparams mdm-detect-bscan-mask 2' command is executed.
22:44:56 INFO  : Context for processor 'microblaze_0' is selected.
22:44:56 INFO  : Processor reset is completed for 'microblaze_0'.
22:44:56 INFO  : Context for processor 'microblaze_0' is selected.
22:44:56 INFO  : The application 'D:/Projects/Code/ECE544_Proj_Final/code/ece544_proj_final/ece544_proj_final.sdk/ece544_proj_final_software/Debug/ece544_proj_final_software.elf' is downloaded to processor 'microblaze_0'.
22:44:56 INFO  : ----------------XSDB Script----------------
connect -url tcp:127.0.0.1:3121
configparams mdm-detect-bscan-mask 2
targets -set -nocase -filter {name =~ "microblaze*#0" && bscan=="USER2"  && jtag_cable_name =~ "Digilent Nexys A7 -100T 210292AD31E2A"} -index 0
rst -processor
targets -set -nocase -filter {name =~ "microblaze*#0" && bscan=="USER2"  && jtag_cable_name =~ "Digilent Nexys A7 -100T 210292AD31E2A"} -index 0
dow D:/Projects/Code/ECE544_Proj_Final/code/ece544_proj_final/ece544_proj_final.sdk/ece544_proj_final_software/Debug/ece544_proj_final_software.elf
----------------End of Script----------------

22:45:28 INFO  : Disconnected from the channel tcfchan#43.
23:05:28 INFO  : Registering command handlers for SDK TCF services
23:05:29 INFO  : Launching XSCT server: xsct.bat -interactive D:\Projects\Code\ECE544_Proj_Final\code\ece544_proj_final\ece544_proj_final.sdk\temp_xsdb_launch_script.tcl
23:05:32 INFO  : XSCT server has started successfully.
23:05:34 INFO  : Processing command line option -hwspec D:/Projects/Code/ECE544_Proj_Final/code/ece544_proj_final/ece544_proj_final.sdk/nexysA7fpga.hdf.
23:05:34 INFO  : Successfully done setting XSCT server connection channel  
23:05:34 INFO  : Successfully done setting SDK workspace  
23:05:34 INFO  : Checking for hwspec changes in the project nexysA7fpga_hw_platform_0.
00:40:56 INFO  : 'targets -set -filter {jtag_cable_name =~ "Digilent Nexys A7 -100T 210292AD31E2A" && level==0} -index 0' command is executed.
00:40:56 INFO  : 'fpga -state' command is executed.
00:40:56 INFO  : Connected to target on host '127.0.0.1' and port '3121'.
00:40:56 INFO  : Jtag cable 'Digilent Nexys A7 -100T 210292AD31E2A' is selected.
00:40:56 INFO  : 'jtag frequency' command is executed.
00:40:56 INFO  : 'configparams mdm-detect-bscan-mask 2' command is executed.
00:40:57 INFO  : Context for processor 'microblaze_0' is selected.
00:40:58 INFO  : Processor reset is completed for 'microblaze_0'.
00:40:59 INFO  : Context for processor 'microblaze_0' is selected.
00:40:59 INFO  : The application 'D:/Projects/Code/ECE544_Proj_Final/code/ece544_proj_final/ece544_proj_final.sdk/ece544_proj_final_software/Debug/ece544_proj_final_software.elf' is downloaded to processor 'microblaze_0'.
00:40:59 INFO  : ----------------XSDB Script----------------
connect -url tcp:127.0.0.1:3121
configparams mdm-detect-bscan-mask 2
targets -set -nocase -filter {name =~ "microblaze*#0" && bscan=="USER2"  && jtag_cable_name =~ "Digilent Nexys A7 -100T 210292AD31E2A"} -index 0
rst -processor
targets -set -nocase -filter {name =~ "microblaze*#0" && bscan=="USER2"  && jtag_cable_name =~ "Digilent Nexys A7 -100T 210292AD31E2A"} -index 0
dow D:/Projects/Code/ECE544_Proj_Final/code/ece544_proj_final/ece544_proj_final.sdk/ece544_proj_final_software/Debug/ece544_proj_final_software.elf
----------------End of Script----------------

00:50:03 INFO  : Disconnected from the channel tcfchan#1.
00:50:12 INFO  : 'targets -set -filter {jtag_cable_name =~ "Digilent Nexys A7 -100T 210292AD31E2A" && level==0} -index 0' command is executed.
00:50:12 INFO  : 'fpga -state' command is executed.
00:50:12 INFO  : Connected to target on host '127.0.0.1' and port '3121'.
00:50:12 INFO  : Jtag cable 'Digilent Nexys A7 -100T 210292AD31E2A' is selected.
00:50:12 INFO  : 'jtag frequency' command is executed.
00:50:12 INFO  : 'configparams mdm-detect-bscan-mask 2' command is executed.
00:50:12 INFO  : Context for processor 'microblaze_0' is selected.
00:50:13 INFO  : Processor reset is completed for 'microblaze_0'.
00:50:13 INFO  : Context for processor 'microblaze_0' is selected.
00:50:13 INFO  : The application 'D:/Projects/Code/ECE544_Proj_Final/code/ece544_proj_final/ece544_proj_final.sdk/ece544_proj_final_software/Debug/ece544_proj_final_software.elf' is downloaded to processor 'microblaze_0'.
00:50:13 INFO  : ----------------XSDB Script----------------
connect -url tcp:127.0.0.1:3121
configparams mdm-detect-bscan-mask 2
targets -set -nocase -filter {name =~ "microblaze*#0" && bscan=="USER2"  && jtag_cable_name =~ "Digilent Nexys A7 -100T 210292AD31E2A"} -index 0
rst -processor
targets -set -nocase -filter {name =~ "microblaze*#0" && bscan=="USER2"  && jtag_cable_name =~ "Digilent Nexys A7 -100T 210292AD31E2A"} -index 0
dow D:/Projects/Code/ECE544_Proj_Final/code/ece544_proj_final/ece544_proj_final.sdk/ece544_proj_final_software/Debug/ece544_proj_final_software.elf
----------------End of Script----------------

00:50:41 INFO  : Disconnected from the channel tcfchan#2.
00:50:48 INFO  : 'targets -set -filter {jtag_cable_name =~ "Digilent Nexys A7 -100T 210292AD31E2A" && level==0} -index 0' command is executed.
00:50:48 INFO  : 'fpga -state' command is executed.
00:50:48 INFO  : Connected to target on host '127.0.0.1' and port '3121'.
00:50:48 INFO  : Jtag cable 'Digilent Nexys A7 -100T 210292AD31E2A' is selected.
00:50:48 INFO  : 'jtag frequency' command is executed.
00:50:48 INFO  : 'configparams mdm-detect-bscan-mask 2' command is executed.
00:50:48 INFO  : Context for processor 'microblaze_0' is selected.
00:50:48 INFO  : Processor reset is completed for 'microblaze_0'.
00:50:48 INFO  : Context for processor 'microblaze_0' is selected.
00:50:48 INFO  : The application 'D:/Projects/Code/ECE544_Proj_Final/code/ece544_proj_final/ece544_proj_final.sdk/ece544_proj_final_software/Debug/ece544_proj_final_software.elf' is downloaded to processor 'microblaze_0'.
00:50:48 INFO  : ----------------XSDB Script----------------
connect -url tcp:127.0.0.1:3121
configparams mdm-detect-bscan-mask 2
targets -set -nocase -filter {name =~ "microblaze*#0" && bscan=="USER2"  && jtag_cable_name =~ "Digilent Nexys A7 -100T 210292AD31E2A"} -index 0
rst -processor
targets -set -nocase -filter {name =~ "microblaze*#0" && bscan=="USER2"  && jtag_cable_name =~ "Digilent Nexys A7 -100T 210292AD31E2A"} -index 0
dow D:/Projects/Code/ECE544_Proj_Final/code/ece544_proj_final/ece544_proj_final.sdk/ece544_proj_final_software/Debug/ece544_proj_final_software.elf
----------------End of Script----------------

00:51:36 INFO  : Disconnected from the channel tcfchan#3.
00:51:43 INFO  : 'targets -set -filter {jtag_cable_name =~ "Digilent Nexys A7 -100T 210292AD31E2A" && level==0} -index 0' command is executed.
00:51:43 INFO  : 'fpga -state' command is executed.
00:51:43 INFO  : Connected to target on host '127.0.0.1' and port '3121'.
00:51:44 INFO  : Jtag cable 'Digilent Nexys A7 -100T 210292AD31E2A' is selected.
00:51:44 INFO  : 'jtag frequency' command is executed.
00:51:44 INFO  : 'configparams mdm-detect-bscan-mask 2' command is executed.
00:51:44 INFO  : Context for processor 'microblaze_0' is selected.
00:51:44 INFO  : Processor reset is completed for 'microblaze_0'.
00:51:44 INFO  : Context for processor 'microblaze_0' is selected.
00:51:44 INFO  : The application 'D:/Projects/Code/ECE544_Proj_Final/code/ece544_proj_final/ece544_proj_final.sdk/ece544_proj_final_software/Debug/ece544_proj_final_software.elf' is downloaded to processor 'microblaze_0'.
00:51:44 INFO  : ----------------XSDB Script----------------
connect -url tcp:127.0.0.1:3121
configparams mdm-detect-bscan-mask 2
targets -set -nocase -filter {name =~ "microblaze*#0" && bscan=="USER2"  && jtag_cable_name =~ "Digilent Nexys A7 -100T 210292AD31E2A"} -index 0
rst -processor
targets -set -nocase -filter {name =~ "microblaze*#0" && bscan=="USER2"  && jtag_cable_name =~ "Digilent Nexys A7 -100T 210292AD31E2A"} -index 0
dow D:/Projects/Code/ECE544_Proj_Final/code/ece544_proj_final/ece544_proj_final.sdk/ece544_proj_final_software/Debug/ece544_proj_final_software.elf
----------------End of Script----------------

00:57:17 INFO  : Disconnected from the channel tcfchan#4.
11:42:18 INFO  : Registering command handlers for SDK TCF services
11:42:18 INFO  : Launching XSCT server: xsct.bat -interactive D:\Projects\Code\ECE544_Proj_Final\code\ece544_proj_final\ece544_proj_final.sdk\temp_xsdb_launch_script.tcl
11:42:22 INFO  : XSCT server has started successfully.
11:42:24 INFO  : Successfully done setting XSCT server connection channel  
11:42:24 INFO  : Processing command line option -hwspec D:/Projects/Code/ECE544_Proj_Final/code/ece544_proj_final/ece544_proj_final.sdk/nexysA7fpga.hdf.
11:42:24 INFO  : Successfully done setting SDK workspace  
11:42:24 INFO  : Checking for hwspec changes in the project nexysA7fpga_hw_platform_0.
11:48:47 INFO  : Connected to target on host '127.0.0.1' and port '3121'.
11:48:51 INFO  : 'targets -set -filter {jtag_cable_name =~ "Digilent Nexys A7 -100T 210292AD31E2A" && level==0} -index 0' command is executed.
11:48:54 INFO  : FPGA configured successfully with bitstream "D:/Projects/Code/ECE544_Proj_Final/code/ece544_proj_final/ece544_proj_final.sdk/nexysA7fpga_hw_platform_0/download.bit"
11:55:40 INFO  : 'targets -set -filter {jtag_cable_name =~ "Digilent Nexys A7 -100T 210292AD31E2A" && level==0} -index 0' command is executed.
11:55:40 INFO  : 'fpga -state' command is executed.
11:55:40 INFO  : Connected to target on host '127.0.0.1' and port '3121'.
11:55:40 INFO  : Jtag cable 'Digilent Nexys A7 -100T 210292AD31E2A' is selected.
11:55:40 INFO  : 'jtag frequency' command is executed.
11:55:40 INFO  : 'configparams mdm-detect-bscan-mask 2' command is executed.
11:55:40 INFO  : Context for processor 'microblaze_0' is selected.
11:55:40 INFO  : Processor reset is completed for 'microblaze_0'.
11:55:40 INFO  : Context for processor 'microblaze_0' is selected.
11:55:41 INFO  : The application 'D:/Projects/Code/ECE544_Proj_Final/code/ece544_proj_final/ece544_proj_final.sdk/ece544_proj_final_software/Debug/ece544_proj_final_software.elf' is downloaded to processor 'microblaze_0'.
11:55:41 INFO  : ----------------XSDB Script----------------
connect -url tcp:127.0.0.1:3121
configparams mdm-detect-bscan-mask 2
targets -set -nocase -filter {name =~ "microblaze*#0" && bscan=="USER2"  && jtag_cable_name =~ "Digilent Nexys A7 -100T 210292AD31E2A"} -index 0
rst -processor
targets -set -nocase -filter {name =~ "microblaze*#0" && bscan=="USER2"  && jtag_cable_name =~ "Digilent Nexys A7 -100T 210292AD31E2A"} -index 0
dow D:/Projects/Code/ECE544_Proj_Final/code/ece544_proj_final/ece544_proj_final.sdk/ece544_proj_final_software/Debug/ece544_proj_final_software.elf
----------------End of Script----------------

11:57:17 INFO  : Disconnected from the channel tcfchan#1.
11:57:40 INFO  : 'targets -set -filter {jtag_cable_name =~ "Digilent Nexys A7 -100T 210292AD31E2A" && level==0} -index 0' command is executed.
11:57:40 INFO  : 'fpga -state' command is executed.
11:57:40 INFO  : Connected to target on host '127.0.0.1' and port '3121'.
11:57:41 INFO  : Jtag cable 'Digilent Nexys A7 -100T 210292AD31E2A' is selected.
11:57:41 INFO  : 'jtag frequency' command is executed.
11:57:41 INFO  : 'configparams mdm-detect-bscan-mask 2' command is executed.
11:57:42 INFO  : Context for processor 'microblaze_0' is selected.
11:57:42 INFO  : Processor reset is completed for 'microblaze_0'.
11:57:44 INFO  : Context for processor 'microblaze_0' is selected.
11:57:44 INFO  : The application 'D:/Projects/Code/ECE544_Proj_Final/code/ece544_proj_final/ece544_proj_final.sdk/ece544_proj_final_software/Debug/ece544_proj_final_software.elf' is downloaded to processor 'microblaze_0'.
11:57:44 INFO  : ----------------XSDB Script----------------
connect -url tcp:127.0.0.1:3121
configparams mdm-detect-bscan-mask 2
targets -set -nocase -filter {name =~ "microblaze*#0" && bscan=="USER2"  && jtag_cable_name =~ "Digilent Nexys A7 -100T 210292AD31E2A"} -index 0
rst -processor
targets -set -nocase -filter {name =~ "microblaze*#0" && bscan=="USER2"  && jtag_cable_name =~ "Digilent Nexys A7 -100T 210292AD31E2A"} -index 0
dow D:/Projects/Code/ECE544_Proj_Final/code/ece544_proj_final/ece544_proj_final.sdk/ece544_proj_final_software/Debug/ece544_proj_final_software.elf
----------------End of Script----------------

12:02:56 INFO  : Disconnected from the channel tcfchan#2.
12:03:24 INFO  : 'targets -set -filter {jtag_cable_name =~ "Digilent Nexys A7 -100T 210292AD31E2A" && level==0} -index 0' command is executed.
12:03:24 INFO  : 'fpga -state' command is executed.
12:03:24 INFO  : Connected to target on host '127.0.0.1' and port '3121'.
12:03:24 INFO  : Jtag cable 'Digilent Nexys A7 -100T 210292AD31E2A' is selected.
12:03:24 INFO  : 'jtag frequency' command is executed.
12:03:24 INFO  : 'configparams mdm-detect-bscan-mask 2' command is executed.
12:03:26 INFO  : Context for processor 'microblaze_0' is selected.
12:03:26 INFO  : Processor reset is completed for 'microblaze_0'.
12:03:27 INFO  : Context for processor 'microblaze_0' is selected.
12:03:28 INFO  : The application 'D:/Projects/Code/ECE544_Proj_Final/code/ece544_proj_final/ece544_proj_final.sdk/ece544_proj_final_software/Debug/ece544_proj_final_software.elf' is downloaded to processor 'microblaze_0'.
12:03:28 INFO  : ----------------XSDB Script----------------
connect -url tcp:127.0.0.1:3121
configparams mdm-detect-bscan-mask 2
targets -set -nocase -filter {name =~ "microblaze*#0" && bscan=="USER2"  && jtag_cable_name =~ "Digilent Nexys A7 -100T 210292AD31E2A"} -index 0
rst -processor
targets -set -nocase -filter {name =~ "microblaze*#0" && bscan=="USER2"  && jtag_cable_name =~ "Digilent Nexys A7 -100T 210292AD31E2A"} -index 0
dow D:/Projects/Code/ECE544_Proj_Final/code/ece544_proj_final/ece544_proj_final.sdk/ece544_proj_final_software/Debug/ece544_proj_final_software.elf
----------------End of Script----------------

12:20:32 INFO  : Disconnected from the channel tcfchan#3.
12:21:33 INFO  : 'targets -set -filter {jtag_cable_name =~ "Digilent Nexys A7 -100T 210292AD31E2A" && level==0} -index 0' command is executed.
12:21:33 INFO  : 'fpga -state' command is executed.
12:21:33 INFO  : Connected to target on host '127.0.0.1' and port '3121'.
12:21:34 INFO  : Jtag cable 'Digilent Nexys A7 -100T 210292AD31E2A' is selected.
12:21:34 INFO  : 'jtag frequency' command is executed.
12:21:34 INFO  : 'configparams mdm-detect-bscan-mask 2' command is executed.
12:21:35 INFO  : Context for processor 'microblaze_0' is selected.
12:21:35 INFO  : Processor reset is completed for 'microblaze_0'.
12:21:37 INFO  : Context for processor 'microblaze_0' is selected.
12:21:37 INFO  : The application 'D:/Projects/Code/ECE544_Proj_Final/code/ece544_proj_final/ece544_proj_final.sdk/ece544_proj_final_software/Debug/ece544_proj_final_software.elf' is downloaded to processor 'microblaze_0'.
12:21:37 INFO  : ----------------XSDB Script----------------
connect -url tcp:127.0.0.1:3121
configparams mdm-detect-bscan-mask 2
targets -set -nocase -filter {name =~ "microblaze*#0" && bscan=="USER2"  && jtag_cable_name =~ "Digilent Nexys A7 -100T 210292AD31E2A"} -index 0
rst -processor
targets -set -nocase -filter {name =~ "microblaze*#0" && bscan=="USER2"  && jtag_cable_name =~ "Digilent Nexys A7 -100T 210292AD31E2A"} -index 0
dow D:/Projects/Code/ECE544_Proj_Final/code/ece544_proj_final/ece544_proj_final.sdk/ece544_proj_final_software/Debug/ece544_proj_final_software.elf
----------------End of Script----------------

12:29:09 INFO  : Disconnected from the channel tcfchan#4.
12:31:28 INFO  : 'targets -set -filter {jtag_cable_name =~ "Digilent Nexys A7 -100T 210292AD31E2A" && level==0} -index 0' command is executed.
12:31:28 INFO  : 'fpga -state' command is executed.
12:31:28 INFO  : Connected to target on host '127.0.0.1' and port '3121'.
12:31:28 INFO  : Jtag cable 'Digilent Nexys A7 -100T 210292AD31E2A' is selected.
12:31:28 INFO  : 'jtag frequency' command is executed.
12:31:28 INFO  : 'configparams mdm-detect-bscan-mask 2' command is executed.
12:31:30 INFO  : Context for processor 'microblaze_0' is selected.
12:31:30 INFO  : Processor reset is completed for 'microblaze_0'.
12:31:31 INFO  : Context for processor 'microblaze_0' is selected.
12:31:31 INFO  : The application 'D:/Projects/Code/ECE544_Proj_Final/code/ece544_proj_final/ece544_proj_final.sdk/ece544_proj_final_software/Debug/ece544_proj_final_software.elf' is downloaded to processor 'microblaze_0'.
12:31:31 INFO  : ----------------XSDB Script----------------
connect -url tcp:127.0.0.1:3121
configparams mdm-detect-bscan-mask 2
targets -set -nocase -filter {name =~ "microblaze*#0" && bscan=="USER2"  && jtag_cable_name =~ "Digilent Nexys A7 -100T 210292AD31E2A"} -index 0
rst -processor
targets -set -nocase -filter {name =~ "microblaze*#0" && bscan=="USER2"  && jtag_cable_name =~ "Digilent Nexys A7 -100T 210292AD31E2A"} -index 0
dow D:/Projects/Code/ECE544_Proj_Final/code/ece544_proj_final/ece544_proj_final.sdk/ece544_proj_final_software/Debug/ece544_proj_final_software.elf
----------------End of Script----------------

12:58:05 INFO  : Disconnected from the channel tcfchan#5.
02:48:07 INFO  : Registering command handlers for SDK TCF services
02:48:08 INFO  : Launching XSCT server: xsct.bat -interactive D:\Projects\Code\ECE544_Proj_Final\code\ece544_proj_final\ece544_proj_final.sdk\temp_xsdb_launch_script.tcl
02:48:12 INFO  : XSCT server has started successfully.
02:48:15 INFO  : Successfully done setting XSCT server connection channel  
02:48:15 INFO  : Processing command line option -hwspec D:/Projects/Code/ECE544_Proj_Final/code/ece544_proj_final/ece544_proj_final.sdk/nexysA7fpga.hdf.
02:48:15 INFO  : Successfully done setting SDK workspace  
02:48:15 INFO  : Checking for hwspec changes in the project nexysA7fpga_hw_platform_0.
